{"C:\\Users\\enesi\\Desktop\\NScyberLab\\components\\beam\\AnimatedBeamDiagram.tsx": {"path":"C:\\Users\\enesi\\Desktop\\NScyberLab\\components\\beam\\AnimatedBeamDiagram.tsx","statementMap":{"0":{"start":{"line":1,"column":0},"end":{"line":1,"column":26}},"1":{"start":{"line":2,"column":0},"end":{"line":2,"column":66}},"2":{"start":{"line":3,"column":0},"end":{"line":3,"column":83}},"3":{"start":{"line":4,"column":0},"end":{"line":4,"column":60}},"4":{"start":{"line":11,"column":23},"end":{"line":11,"column":26}},"5":{"start":{"line":12,"column":16},"end":{"line":12,"column":18}},"6":{"start":{"line":13,"column":15},"end":{"line":13,"column":18}},"7":{"start":{"line":14,"column":32},"end":{"line":14,"column":56}},"8":{"start":{"line":15,"column":22},"end":{"line":15,"column":51}},"9":{"start":{"line":16,"column":21},"end":{"line":16,"column":28}},"10":{"start":{"line":17,"column":19},"end":{"line":17,"column":42}},"11":{"start":{"line":18,"column":23},"end":{"line":18,"column":48}},"12":{"start":{"line":20,"column":71},"end":{"line":284,"column":1}},"13":{"start":{"line":21,"column":16},"end":{"line":21,"column":46}},"14":{"start":{"line":23,"column":17},"end":{"line":23,"column":60}},"15":{"start":{"line":23,"column":34},"end":{"line":23,"column":60}},"16":{"start":{"line":26,"column":19},"end":{"line":26,"column":35}},"17":{"start":{"line":27,"column":2},"end":{"line":27,"column":40}},"18":{"start":{"line":28,"column":2},"end":{"line":28,"column":38}},"19":{"start":{"line":31,"column":24},"end":{"line":137,"column":3}},"20":{"start":{"line":32,"column":14},"end":{"line":32,"column":38}},"21":{"start":{"line":33,"column":14},"end":{"line":33,"column":20}},"22":{"start":{"line":35,"column":4},"end":{"line":136,"column":5}},"23":{"start":{"line":38,"column":29},"end":{"line":38,"column":45}},"24":{"start":{"line":39,"column":8},"end":{"line":39,"column":34}},"25":{"start":{"line":40,"column":8},"end":{"line":40,"column":44}},"26":{"start":{"line":41,"column":8},"end":{"line":41,"column":44}},"27":{"start":{"line":42,"column":8},"end":{"line":42,"column":29}},"28":{"start":{"line":44,"column":8},"end":{"line":61,"column":10}},"29":{"start":{"line":66,"column":29},"end":{"line":66,"column":45}},"30":{"start":{"line":67,"column":8},"end":{"line":67,"column":34}},"31":{"start":{"line":68,"column":8},"end":{"line":68,"column":44}},"32":{"start":{"line":69,"column":8},"end":{"line":69,"column":44}},"33":{"start":{"line":70,"column":8},"end":{"line":70,"column":29}},"34":{"start":{"line":72,"column":8},"end":{"line":97,"column":10}},"35":{"start":{"line":102,"column":25},"end":{"line":102,"column":41}},"36":{"start":{"line":103,"column":8},"end":{"line":103,"column":35}},"37":{"start":{"line":104,"column":8},"end":{"line":104,"column":35}},"38":{"start":{"line":107,"column":46},"end":{"line":107,"column":48}},"39":{"start":{"line":108,"column":8},"end":{"line":119,"column":9}},"40":{"start":{"line":108,"column":21},"end":{"line":108,"column":24}},"41":{"start":{"line":109,"column":10},"end":{"line":118,"column":12}},"42":{"start":{"line":121,"column":8},"end":{"line":131,"column":10}},"43":{"start":{"line":135,"column":8},"end":{"line":135,"column":20}},"44":{"start":{"line":140,"column":21},"end":{"line":232,"column":3}},"45":{"start":{"line":141,"column":14},"end":{"line":141,"column":35}},"46":{"start":{"line":142,"column":24},"end":{"line":142,"column":66}},"47":{"start":{"line":144,"column":4},"end":{"line":231,"column":5}},"48":{"start":{"line":146,"column":26},"end":{"line":146,"column":42}},"49":{"start":{"line":147,"column":8},"end":{"line":147,"column":55}},"50":{"start":{"line":148,"column":8},"end":{"line":148,"column":40}},"51":{"start":{"line":151,"column":26},"end":{"line":151,"column":42}},"52":{"start":{"line":152,"column":8},"end":{"line":152,"column":45}},"53":{"start":{"line":153,"column":8},"end":{"line":153,"column":40}},"54":{"start":{"line":154,"column":8},"end":{"line":154,"column":45}},"55":{"start":{"line":156,"column":8},"end":{"line":170,"column":10}},"56":{"start":{"line":174,"column":21},"end":{"line":174,"column":66}},"57":{"start":{"line":175,"column":45},"end":{"line":175,"column":47}},"58":{"start":{"line":176,"column":27},"end":{"line":176,"column":67}},"59":{"start":{"line":177,"column":24},"end":{"line":177,"column":53}},"60":{"start":{"line":179,"column":8},"end":{"line":191,"column":9}},"61":{"start":{"line":179,"column":21},"end":{"line":179,"column":22}},"62":{"start":{"line":180,"column":21},"end":{"line":180,"column":36}},"63":{"start":{"line":181,"column":10},"end":{"line":190,"column":12}},"64":{"start":{"line":193,"column":8},"end":{"line":205,"column":10}},"65":{"start":{"line":210,"column":27},"end":{"line":210,"column":43}},"66":{"start":{"line":211,"column":8},"end":{"line":215,"column":10}},"67":{"start":{"line":217,"column":8},"end":{"line":226,"column":10}},"68":{"start":{"line":230,"column":8},"end":{"line":230,"column":20}},"69":{"start":{"line":234,"column":2},"end":{"line":283,"column":4}},"70":{"start":{"line":246,"column":49},"end":{"line":246,"column":78}},"71":{"start":{"line":249,"column":43},"end":{"line":249,"column":66}},"72":{"start":{"line":255,"column":10},"end":{"line":262,"column":null}},"73":{"start":{"line":266,"column":10},"end":{"line":273,"column":null}},"74":{"start":{"line":20,"column":13},"end":{"line":20,"column":71}},"75":{"start":{"line":286,"column":15},"end":{"line":332,"column":2}},"76":{"start":{"line":334,"column":0},"end":{"line":334,"column":35}}},"fnMap":{"0":{"name":"(anonymous_1)","decl":{"start":{"line":20,"column":71},"end":{"line":20,"column":72}},"loc":{"start":{"line":20,"column":86},"end":{"line":284,"column":1}}},"1":{"name":"(anonymous_2)","decl":{"start":{"line":23,"column":17},"end":{"line":23,"column":18}},"loc":{"start":{"line":23,"column":34},"end":{"line":23,"column":60}}},"2":{"name":"(anonymous_3)","decl":{"start":{"line":31,"column":24},"end":{"line":31,"column":25}},"loc":{"start":{"line":31,"column":66},"end":{"line":137,"column":3}}},"3":{"name":"(anonymous_4)","decl":{"start":{"line":140,"column":21},"end":{"line":140,"column":22}},"loc":{"start":{"line":140,"column":57},"end":{"line":232,"column":3}}},"4":{"name":"(anonymous_5)","decl":{"start":{"line":246,"column":29},"end":{"line":246,"column":30}},"loc":{"start":{"line":246,"column":49},"end":{"line":246,"column":78}}},"5":{"name":"(anonymous_6)","decl":{"start":{"line":249,"column":26},"end":{"line":249,"column":27}},"loc":{"start":{"line":249,"column":43},"end":{"line":249,"column":66}}},"6":{"name":"(anonymous_7)","decl":{"start":{"line":254,"column":29},"end":{"line":254,"column":30}},"loc":{"start":{"line":255,"column":10},"end":{"line":262,"column":null}}},"7":{"name":"(anonymous_8)","decl":{"start":{"line":265,"column":26},"end":{"line":265,"column":27}},"loc":{"start":{"line":266,"column":10},"end":{"line":273,"column":null}}}},"branchMap":{"0":{"loc":{"start":{"line":35,"column":4},"end":{"line":136,"column":5}},"type":"switch","locations":[{"start":{"line":36,"column":6},"end":{"line":62,"column":7}},{"start":{"line":64,"column":6},"end":{"line":98,"column":7}},{"start":{"line":100,"column":6},"end":{"line":132,"column":7}},{"start":{"line":134,"column":6},"end":{"line":135,"column":20}}]},"1":{"loc":{"start":{"line":144,"column":4},"end":{"line":231,"column":5}},"type":"switch","locations":[{"start":{"line":145,"column":6},"end":{"line":171,"column":7}},{"start":{"line":173,"column":6},"end":{"line":206,"column":7}},{"start":{"line":208,"column":6},"end":{"line":227,"column":7}},{"start":{"line":229,"column":6},"end":{"line":230,"column":20}}]},"2":{"loc":{"start":{"line":174,"column":28},"end":{"line":174,"column":65}},"type":"binary-expr","locations":[{"start":{"line":174,"column":28},"end":{"line":174,"column":44}},{"start":{"line":174,"column":48},"end":{"line":174,"column":65}}]},"3":{"loc":{"start":{"line":262,"column":13},"end":{"line":262,"column":32}},"type":"binary-expr","locations":[{"start":{"line":262,"column":13},"end":{"line":262,"column":26}},{"start":{"line":262,"column":30},"end":{"line":262,"column":32}}]},"4":{"loc":{"start":{"line":273,"column":13},"end":{"line":273,"column":66}},"type":"binary-expr","locations":[{"start":{"line":273,"column":13},"end":{"line":273,"column":23}},{"start":{"line":273,"column":27},"end":{"line":273,"column":66}}]},"5":{"loc":{"start":{"line":273,"column":41},"end":{"line":273,"column":60}},"type":"binary-expr","locations":[{"start":{"line":273,"column":41},"end":{"line":273,"column":55}},{"start":{"line":273,"column":59},"end":{"line":273,"column":60}}]}},"s":{"0":0,"1":0,"2":0,"3":0,"4":0,"5":0,"6":0,"7":0,"8":0,"9":0,"10":0,"11":0,"12":0,"13":0,"14":0,"15":0,"16":0,"17":0,"18":0,"19":0,"20":0,"21":0,"22":0,"23":0,"24":0,"25":0,"26":0,"27":0,"28":0,"29":0,"30":0,"31":0,"32":0,"33":0,"34":0,"35":0,"36":0,"37":0,"38":0,"39":0,"40":0,"41":0,"42":0,"43":0,"44":0,"45":0,"46":0,"47":0,"48":0,"49":0,"50":0,"51":0,"52":0,"53":0,"54":0,"55":0,"56":0,"57":0,"58":0,"59":0,"60":0,"61":0,"62":0,"63":0,"64":0,"65":0,"66":0,"67":0,"68":0,"69":0,"70":0,"71":0,"72":0,"73":0,"74":0,"75":0,"76":0},"f":{"0":0,"1":0,"2":0,"3":0,"4":0,"5":0,"6":0,"7":0},"b":{"0":[0,0,0,0],"1":[0,0,0,0],"2":[0,0],"3":[0,0],"4":[0,0],"5":[0,0]}}
,"C:\\Users\\enesi\\Desktop\\NScyberLab\\components\\beam\\BeamEducationScreen.tsx": {"path":"C:\\Users\\enesi\\Desktop\\NScyberLab\\components\\beam\\BeamEducationScreen.tsx","statementMap":{"0":{"start":{"line":1,"column":0},"end":{"line":1,"column":39}},"1":{"start":{"line":2,"column":0},"end":{"line":2,"column":null}},"2":{"start":{"line":11,"column":0},"end":{"line":11,"column":67}},"3":{"start":{"line":12,"column":0},"end":{"line":12,"column":77}},"4":{"start":{"line":13,"column":0},"end":{"line":13,"column":62}},"5":{"start":{"line":14,"column":0},"end":{"line":14,"column":61}},"6":{"start":{"line":16,"column":0},"end":{"line":16,"column":62}},"7":{"start":{"line":17,"column":0},"end":{"line":17,"column":58}},"8":{"start":{"line":18,"column":0},"end":{"line":18,"column":64}},"9":{"start":{"line":20,"column":18},"end":{"line":20,"column":42}},"10":{"start":{"line":26,"column":49},"end":{"line":70,"column":1}},"11":{"start":{"line":27,"column":59},"end":{"line":27,"column":78}},"12":{"start":{"line":28,"column":16},"end":{"line":28,"column":33}},"13":{"start":{"line":29,"column":19},"end":{"line":29,"column":38}},"14":{"start":{"line":31,"column":2},"end":{"line":69,"column":4}},"15":{"start":{"line":83,"column":46},"end":{"line":141,"column":1}},"16":{"start":{"line":89,"column":2},"end":{"line":140,"column":4}},"17":{"start":{"line":147,"column":29},"end":{"line":224,"column":1}},"18":{"start":{"line":148,"column":36},"end":{"line":148,"column":55}},"19":{"start":{"line":150,"column":28},"end":{"line":156,"column":52}},"20":{"start":{"line":151,"column":4},"end":{"line":155,"column":8}},"21":{"start":{"line":151,"column":38},"end":{"line":155,"column":6}},"22":{"start":{"line":158,"column":2},"end":{"line":223,"column":4}},"23":{"start":{"line":168,"column":12},"end":{"line":173,"column":null}},"24":{"start":{"line":173,"column":29},"end":{"line":173,"column":51}},"25":{"start":{"line":189,"column":16},"end":{"line":191,"column":null}},"26":{"start":{"line":234,"column":71},"end":{"line":268,"column":1}},"27":{"start":{"line":235,"column":35},"end":{"line":235,"column":54}},"28":{"start":{"line":236,"column":17},"end":{"line":236,"column":36}},"29":{"start":{"line":238,"column":24},"end":{"line":250,"column":3}},"30":{"start":{"line":239,"column":4},"end":{"line":249,"column":5}},"31":{"start":{"line":241,"column":8},"end":{"line":241,"column":32}},"32":{"start":{"line":243,"column":8},"end":{"line":243,"column":30}},"33":{"start":{"line":245,"column":8},"end":{"line":245,"column":33}},"34":{"start":{"line":248,"column":8},"end":{"line":248,"column":30}},"35":{"start":{"line":252,"column":21},"end":{"line":258,"column":3}},"36":{"start":{"line":253,"column":4},"end":{"line":257,"column":5}},"37":{"start":{"line":254,"column":6},"end":{"line":254,"column":15}},"38":{"start":{"line":256,"column":6},"end":{"line":256,"column":17}},"39":{"start":{"line":260,"column":2},"end":{"line":267,"column":4}},"40":{"start":{"line":234,"column":13},"end":{"line":234,"column":71}},"41":{"start":{"line":274,"column":15},"end":{"line":593,"column":2}},"42":{"start":{"line":595,"column":0},"end":{"line":595,"column":35}}},"fnMap":{"0":{"name":"(anonymous_9)","decl":{"start":{"line":26,"column":49},"end":{"line":26,"column":50}},"loc":{"start":{"line":26,"column":64},"end":{"line":70,"column":1}}},"1":{"name":"(anonymous_10)","decl":{"start":{"line":83,"column":46},"end":{"line":83,"column":47}},"loc":{"start":{"line":88,"column":5},"end":{"line":141,"column":1}}},"2":{"name":"(anonymous_11)","decl":{"start":{"line":147,"column":29},"end":{"line":147,"column":32}},"loc":{"start":{"line":147,"column":34},"end":{"line":224,"column":1}}},"3":{"name":"(anonymous_12)","decl":{"start":{"line":150,"column":36},"end":{"line":150,"column":39}},"loc":{"start":{"line":150,"column":41},"end":{"line":156,"column":3}}},"4":{"name":"(anonymous_13)","decl":{"start":{"line":151,"column":27},"end":{"line":151,"column":33}},"loc":{"start":{"line":151,"column":38},"end":{"line":155,"column":6}}},"5":{"name":"(anonymous_14)","decl":{"start":{"line":167,"column":33},"end":{"line":167,"column":34}},"loc":{"start":{"line":168,"column":12},"end":{"line":173,"column":null}}},"6":{"name":"(anonymous_15)","decl":{"start":{"line":173,"column":23},"end":{"line":173,"column":26}},"loc":{"start":{"line":173,"column":29},"end":{"line":173,"column":51}}},"7":{"name":"(anonymous_16)","decl":{"start":{"line":188,"column":34},"end":{"line":188,"column":39}},"loc":{"start":{"line":189,"column":16},"end":{"line":191,"column":null}}},"8":{"name":"(anonymous_17)","decl":{"start":{"line":234,"column":71},"end":{"line":234,"column":72}},"loc":{"start":{"line":234,"column":86},"end":{"line":268,"column":1}}},"9":{"name":"(anonymous_18)","decl":{"start":{"line":238,"column":24},"end":{"line":238,"column":27}},"loc":{"start":{"line":238,"column":29},"end":{"line":250,"column":3}}},"10":{"name":"(anonymous_19)","decl":{"start":{"line":252,"column":21},"end":{"line":252,"column":24}},"loc":{"start":{"line":252,"column":26},"end":{"line":258,"column":3}}}},"branchMap":{"0":{"loc":{"start":{"line":95,"column":10},"end":{"line":95,"column":45}},"type":"binary-expr","locations":[{"start":{"line":95,"column":10},"end":{"line":95,"column":18}},{"start":{"line":95,"column":22},"end":{"line":95,"column":45}}]},"1":{"loc":{"start":{"line":96,"column":10},"end":{"line":96,"column":51}},"type":"binary-expr","locations":[{"start":{"line":96,"column":10},"end":{"line":96,"column":21}},{"start":{"line":96,"column":25},"end":{"line":96,"column":51}}]},"2":{"loc":{"start":{"line":104,"column":49},"end":{"line":104,"column":90}},"type":"cond-expr","locations":[{"start":{"line":104,"column":60},"end":{"line":104,"column":64}},{"start":{"line":104,"column":67},"end":{"line":104,"column":90}}]},"3":{"loc":{"start":{"line":104,"column":67},"end":{"line":104,"column":90}},"type":"cond-expr","locations":[{"start":{"line":104,"column":81},"end":{"line":104,"column":84}},{"start":{"line":104,"column":87},"end":{"line":104,"column":90}}]},"4":{"loc":{"start":{"line":107,"column":46},"end":{"line":107,"column":82}},"type":"binary-expr","locations":[{"start":{"line":107,"column":46},"end":{"line":107,"column":54}},{"start":{"line":107,"column":58},"end":{"line":107,"column":82}}]},"5":{"loc":{"start":{"line":118,"column":50},"end":{"line":118,"column":85}},"type":"binary-expr","locations":[{"start":{"line":118,"column":50},"end":{"line":118,"column":58}},{"start":{"line":118,"column":62},"end":{"line":118,"column":85}}]},"6":{"loc":{"start":{"line":133,"column":13},"end":{"line":133,"column":82}},"type":"binary-expr","locations":[{"start":{"line":133,"column":13},"end":{"line":133,"column":24}},{"start":{"line":133,"column":28},"end":{"line":133,"column":82}}]},"7":{"loc":{"start":{"line":134,"column":13},"end":{"line":134,"column":78}},"type":"binary-expr","locations":[{"start":{"line":134,"column":13},"end":{"line":134,"column":21}},{"start":{"line":134,"column":25},"end":{"line":134,"column":78}}]},"8":{"loc":{"start":{"line":135,"column":13},"end":{"line":135,"column":90}},"type":"binary-expr","locations":[{"start":{"line":135,"column":13},"end":{"line":135,"column":25}},{"start":{"line":135,"column":29},"end":{"line":135,"column":38}},{"start":{"line":135,"column":42},"end":{"line":135,"column":90}}]},"9":{"loc":{"start":{"line":185,"column":13},"end":{"line":193,"column":null}},"type":"cond-expr","locations":[{"start":{"line":186,"column":14},"end":{"line":186,"column":null}},{"start":{"line":188,"column":14},"end":{"line":193,"column":16}}]},"10":{"loc":{"start":{"line":239,"column":4},"end":{"line":249,"column":5}},"type":"switch","locations":[{"start":{"line":240,"column":6},"end":{"line":241,"column":32}},{"start":{"line":242,"column":6},"end":{"line":243,"column":30}},{"start":{"line":244,"column":6},"end":{"line":245,"column":33}},{"start":{"line":246,"column":6},"end":{"line":246,"column":18}},{"start":{"line":247,"column":6},"end":{"line":248,"column":30}}]},"11":{"loc":{"start":{"line":253,"column":4},"end":{"line":257,"column":5}},"type":"if","locations":[{"start":{"line":253,"column":4},"end":{"line":257,"column":5}},{"start":{"line":255,"column":11},"end":{"line":257,"column":5}}]}},"s":{"0":0,"1":0,"2":0,"3":0,"4":0,"5":0,"6":0,"7":0,"8":0,"9":0,"10":0,"11":0,"12":0,"13":0,"14":0,"15":0,"16":0,"17":0,"18":0,"19":0,"20":0,"21":0,"22":0,"23":0,"24":0,"25":0,"26":0,"27":0,"28":0,"29":0,"30":0,"31":0,"32":0,"33":0,"34":0,"35":0,"36":0,"37":0,"38":0,"39":0,"40":0,"41":0,"42":0},"f":{"0":0,"1":0,"2":0,"3":0,"4":0,"5":0,"6":0,"7":0,"8":0,"9":0,"10":0},"b":{"0":[0,0],"1":[0,0],"2":[0,0],"3":[0,0],"4":[0,0],"5":[0,0],"6":[0,0],"7":[0,0],"8":[0,0,0],"9":[0,0],"10":[0,0,0,0,0],"11":[0,0]}}
,"C:\\Users\\enesi\\Desktop\\NScyberLab\\components\\beam\\FormulaDisplay.tsx": {"path":"C:\\Users\\enesi\\Desktop\\NScyberLab\\components\\beam\\FormulaDisplay.tsx","statementMap":{"0":{"start":{"line":1,"column":0},"end":{"line":1,"column":26}},"1":{"start":{"line":2,"column":0},"end":{"line":2,"column":42}},"2":{"start":{"line":3,"column":0},"end":{"line":3,"column":52}},"3":{"start":{"line":4,"column":0},"end":{"line":4,"column":48}},"4":{"start":{"line":11,"column":61},"end":{"line":24,"column":1}},"5":{"start":{"line":15,"column":2},"end":{"line":23,"column":4}},"6":{"start":{"line":11,"column":13},"end":{"line":11,"column":61}},"7":{"start":{"line":26,"column":15},"end":{"line":37,"column":2}},"8":{"start":{"line":39,"column":0},"end":{"line":39,"column":30}}},"fnMap":{"0":{"name":"(anonymous_1)","decl":{"start":{"line":11,"column":61},"end":{"line":11,"column":62}},"loc":{"start":{"line":14,"column":5},"end":{"line":24,"column":1}}}},"branchMap":{"0":{"loc":{"start":{"line":13,"column":2},"end":{"line":13,"column":15}},"type":"default-arg","locations":[{"start":{"line":13,"column":13},"end":{"line":13,"column":15}}]}},"s":{"0":0,"1":0,"2":0,"3":0,"4":0,"5":0,"6":0,"7":0,"8":0},"f":{"0":0},"b":{"0":[0]}}
,"C:\\Users\\enesi\\Desktop\\NScyberLab\\components\\beam\\LessonPlayer.tsx": {"path":"C:\\Users\\enesi\\Desktop\\NScyberLab\\components\\beam\\LessonPlayer.tsx","statementMap":{"0":{"start":{"line":1,"column":0},"end":{"line":1,"column":39}},"1":{"start":{"line":2,"column":0},"end":{"line":2,"column":null}},"2":{"start":{"line":9,"column":0},"end":{"line":9,"column":77}},"3":{"start":{"line":10,"column":0},"end":{"line":10,"column":62}},"4":{"start":{"line":11,"column":0},"end":{"line":11,"column":47}},"5":{"start":{"line":13,"column":0},"end":{"line":13,"column":64}},"6":{"start":{"line":15,"column":0},"end":{"line":15,"column":41}},"7":{"start":{"line":16,"column":0},"end":{"line":16,"column":76}},"8":{"start":{"line":18,"column":15},"end":{"line":261,"column":2}},"9":{"start":{"line":271,"column":52},"end":{"line":328,"column":1}},"10":{"start":{"line":273,"column":16},"end":{"line":273,"column":40}},"11":{"start":{"line":275,"column":2},"end":{"line":327,"column":4}},"12":{"start":{"line":278,"column":8},"end":{"line":284,"column":9}},"13":{"start":{"line":279,"column":10},"end":{"line":283,"column":12}},"14":{"start":{"line":285,"column":8},"end":{"line":291,"column":9}},"15":{"start":{"line":286,"column":10},"end":{"line":290,"column":12}},"16":{"start":{"line":292,"column":8},"end":{"line":299,"column":9}},"17":{"start":{"line":293,"column":10},"end":{"line":298,"column":12}},"18":{"start":{"line":300,"column":8},"end":{"line":307,"column":9}},"19":{"start":{"line":301,"column":10},"end":{"line":306,"column":12}},"20":{"start":{"line":308,"column":8},"end":{"line":313,"column":9}},"21":{"start":{"line":309,"column":26},"end":{"line":309,"column":51}},"22":{"start":{"line":310,"column":10},"end":{"line":312,"column":12}},"23":{"start":{"line":314,"column":8},"end":{"line":316,"column":9}},"24":{"start":{"line":315,"column":10},"end":{"line":315,"column":61}},"25":{"start":{"line":317,"column":8},"end":{"line":319,"column":9}},"26":{"start":{"line":318,"column":10},"end":{"line":318,"column":60}},"27":{"start":{"line":320,"column":8},"end":{"line":324,"column":10}},"28":{"start":{"line":339,"column":64},"end":{"line":448,"column":1}},"29":{"start":{"line":340,"column":46},"end":{"line":340,"column":81}},"30":{"start":{"line":341,"column":38},"end":{"line":341,"column":59}},"31":{"start":{"line":343,"column":29},"end":{"line":351,"column":3}},"32":{"start":{"line":344,"column":4},"end":{"line":344,"column":32}},"33":{"start":{"line":345,"column":4},"end":{"line":345,"column":24}},"34":{"start":{"line":348,"column":4},"end":{"line":350,"column":13}},"35":{"start":{"line":349,"column":6},"end":{"line":349,"column":32}},"36":{"start":{"line":353,"column":2},"end":{"line":447,"column":3}},"37":{"start":{"line":355,"column":6},"end":{"line":359,"column":8}},"38":{"start":{"line":362,"column":6},"end":{"line":373,"column":8}},"39":{"start":{"line":376,"column":6},"end":{"line":385,"column":8}},"40":{"start":{"line":388,"column":23},"end":{"line":388,"column":44}},"41":{"start":{"line":389,"column":6},"end":{"line":389,"column":33}},"42":{"start":{"line":389,"column":21},"end":{"line":389,"column":33}},"43":{"start":{"line":391,"column":6},"end":{"line":439,"column":8}},"44":{"start":{"line":401,"column":39},"end":{"line":401,"column":67}},"45":{"start":{"line":402,"column":40},"end":{"line":402,"column":70}},"46":{"start":{"line":403,"column":38},"end":{"line":403,"column":83}},"47":{"start":{"line":405,"column":20},"end":{"line":425,"column":22}},"48":{"start":{"line":415,"column":41},"end":{"line":415,"column":103}},"49":{"start":{"line":442,"column":6},"end":{"line":446,"column":8}},"50":{"start":{"line":454,"column":38},"end":{"line":538,"column":1}},"51":{"start":{"line":463,"column":6},"end":{"line":463,"column":25}},"52":{"start":{"line":465,"column":17},"end":{"line":468,"column":23}},"53":{"start":{"line":466,"column":4},"end":{"line":466,"column":38}},"54":{"start":{"line":466,"column":26},"end":{"line":466,"column":38}},"55":{"start":{"line":467,"column":4},"end":{"line":467,"column":42}},"56":{"start":{"line":470,"column":2},"end":{"line":476,"column":3}},"57":{"start":{"line":471,"column":4},"end":{"line":475,"column":6}},"58":{"start":{"line":478,"column":22},"end":{"line":478,"column":52}},"59":{"start":{"line":479,"column":22},"end":{"line":479,"column":44}},"60":{"start":{"line":480,"column":21},"end":{"line":480,"column":65}},"61":{"start":{"line":482,"column":21},"end":{"line":489,"column":3}},"62":{"start":{"line":483,"column":4},"end":{"line":488,"column":5}},"63":{"start":{"line":484,"column":6},"end":{"line":484,"column":23}},"64":{"start":{"line":485,"column":6},"end":{"line":485,"column":18}},"65":{"start":{"line":487,"column":6},"end":{"line":487,"column":17}},"66":{"start":{"line":491,"column":27},"end":{"line":496,"column":3}},"67":{"start":{"line":492,"column":4},"end":{"line":495,"column":5}},"68":{"start":{"line":493,"column":17},"end":{"line":493,"column":61}},"69":{"start":{"line":494,"column":6},"end":{"line":494,"column":18}},"70":{"start":{"line":498,"column":2},"end":{"line":537,"column":4}},"71":{"start":{"line":454,"column":13},"end":{"line":454,"column":38}},"72":{"start":{"line":540,"column":0},"end":{"line":540,"column":28}}},"fnMap":{"0":{"name":"(anonymous_9)","decl":{"start":{"line":271,"column":52},"end":{"line":271,"column":53}},"loc":{"start":{"line":271,"column":65},"end":{"line":328,"column":1}}},"1":{"name":"(anonymous_10)","decl":{"start":{"line":277,"column":17},"end":{"line":277,"column":18}},"loc":{"start":{"line":277,"column":33},"end":{"line":325,"column":7}}},"2":{"name":"(anonymous_11)","decl":{"start":{"line":339,"column":64},"end":{"line":339,"column":65}},"loc":{"start":{"line":339,"column":91},"end":{"line":448,"column":1}}},"3":{"name":"(anonymous_12)","decl":{"start":{"line":343,"column":29},"end":{"line":343,"column":30}},"loc":{"start":{"line":343,"column":70},"end":{"line":351,"column":3}}},"4":{"name":"(anonymous_13)","decl":{"start":{"line":348,"column":15},"end":{"line":348,"column":18}},"loc":{"start":{"line":348,"column":20},"end":{"line":350,"column":5}}},"5":{"name":"(anonymous_14)","decl":{"start":{"line":400,"column":40},"end":{"line":400,"column":41}},"loc":{"start":{"line":400,"column":51},"end":{"line":426,"column":19}}},"6":{"name":"(anonymous_15)","decl":{"start":{"line":415,"column":35},"end":{"line":415,"column":38}},"loc":{"start":{"line":415,"column":41},"end":{"line":415,"column":103}}},"7":{"name":"(anonymous_16)","decl":{"start":{"line":454,"column":38},"end":{"line":454,"column":41}},"loc":{"start":{"line":454,"column":43},"end":{"line":538,"column":1}}},"8":{"name":"(anonymous_17)","decl":{"start":{"line":465,"column":25},"end":{"line":465,"column":28}},"loc":{"start":{"line":465,"column":30},"end":{"line":468,"column":3}}},"9":{"name":"(anonymous_18)","decl":{"start":{"line":482,"column":21},"end":{"line":482,"column":24}},"loc":{"start":{"line":482,"column":26},"end":{"line":489,"column":3}}},"10":{"name":"(anonymous_19)","decl":{"start":{"line":491,"column":27},"end":{"line":491,"column":28}},"loc":{"start":{"line":491,"column":50},"end":{"line":496,"column":3}}}},"branchMap":{"0":{"loc":{"start":{"line":273,"column":17},"end":{"line":273,"column":27}},"type":"binary-expr","locations":[{"start":{"line":273,"column":17},"end":{"line":273,"column":21}},{"start":{"line":273,"column":25},"end":{"line":273,"column":27}}]},"1":{"loc":{"start":{"line":278,"column":8},"end":{"line":284,"column":9}},"type":"if","locations":[{"start":{"line":278,"column":8},"end":{"line":284,"column":9}}]},"2":{"loc":{"start":{"line":285,"column":8},"end":{"line":291,"column":9}},"type":"if","locations":[{"start":{"line":285,"column":8},"end":{"line":291,"column":9}}]},"3":{"loc":{"start":{"line":292,"column":8},"end":{"line":299,"column":9}},"type":"if","locations":[{"start":{"line":292,"column":8},"end":{"line":299,"column":9}}]},"4":{"loc":{"start":{"line":300,"column":8},"end":{"line":307,"column":9}},"type":"if","locations":[{"start":{"line":300,"column":8},"end":{"line":307,"column":9}}]},"5":{"loc":{"start":{"line":308,"column":8},"end":{"line":313,"column":9}},"type":"if","locations":[{"start":{"line":308,"column":8},"end":{"line":313,"column":9}}]},"6":{"loc":{"start":{"line":308,"column":12},"end":{"line":308,"column":56}},"type":"binary-expr","locations":[{"start":{"line":308,"column":12},"end":{"line":308,"column":33}},{"start":{"line":308,"column":37},"end":{"line":308,"column":56}}]},"7":{"loc":{"start":{"line":314,"column":8},"end":{"line":316,"column":9}},"type":"if","locations":[{"start":{"line":314,"column":8},"end":{"line":316,"column":9}}]},"8":{"loc":{"start":{"line":317,"column":8},"end":{"line":319,"column":9}},"type":"if","locations":[{"start":{"line":317,"column":8},"end":{"line":319,"column":9}}]},"9":{"loc":{"start":{"line":353,"column":2},"end":{"line":447,"column":3}},"type":"switch","locations":[{"start":{"line":354,"column":4},"end":{"line":359,"column":8}},{"start":{"line":361,"column":4},"end":{"line":373,"column":8}},{"start":{"line":375,"column":4},"end":{"line":385,"column":8}},{"start":{"line":387,"column":4},"end":{"line":439,"column":8}},{"start":{"line":441,"column":4},"end":{"line":446,"column":8}}]},"10":{"loc":{"start":{"line":357,"column":31},"end":{"line":357,"column":77}},"type":"binary-expr","locations":[{"start":{"line":357,"column":31},"end":{"line":357,"column":50}},{"start":{"line":357,"column":54},"end":{"line":357,"column":71}},{"start":{"line":357,"column":75},"end":{"line":357,"column":77}}]},"11":{"loc":{"start":{"line":364,"column":11},"end":{"line":365,"column":null}},"type":"binary-expr","locations":[{"start":{"line":364,"column":11},"end":{"line":364,"column":31}},{"start":{"line":365,"column":12},"end":{"line":365,"column":67}}]},"12":{"loc":{"start":{"line":367,"column":11},"end":{"line":370,"column":null}},"type":"binary-expr","locations":[{"start":{"line":367,"column":11},"end":{"line":367,"column":37}},{"start":{"line":368,"column":12},"end":{"line":369,"column":null}}]},"13":{"loc":{"start":{"line":378,"column":11},"end":{"line":379,"column":null}},"type":"binary-expr","locations":[{"start":{"line":378,"column":11},"end":{"line":378,"column":30}},{"start":{"line":379,"column":12},"end":{"line":379,"column":79}}]},"14":{"loc":{"start":{"line":381,"column":11},"end":{"line":382,"column":null}},"type":"binary-expr","locations":[{"start":{"line":381,"column":11},"end":{"line":381,"column":34}},{"start":{"line":382,"column":12},"end":{"line":382,"column":68}}]},"15":{"loc":{"start":{"line":389,"column":6},"end":{"line":389,"column":33}},"type":"if","locations":[{"start":{"line":389,"column":6},"end":{"line":389,"column":33}}]},"16":{"loc":{"start":{"line":396,"column":49},"end":{"line":396,"column":89}},"type":"binary-expr","locations":[{"start":{"line":396,"column":49},"end":{"line":396,"column":68}},{"start":{"line":396,"column":72},"end":{"line":396,"column":89}}]},"17":{"loc":{"start":{"line":398,"column":15},"end":{"line":427,"column":null}},"type":"binary-expr","locations":[{"start":{"line":398,"column":15},"end":{"line":398,"column":31}},{"start":{"line":399,"column":16},"end":{"line":426,"column":null}}]},"18":{"loc":{"start":{"line":402,"column":40},"end":{"line":402,"column":70}},"type":"binary-expr","locations":[{"start":{"line":402,"column":40},"end":{"line":402,"column":50}},{"start":{"line":402,"column":54},"end":{"line":402,"column":70}}]},"19":{"loc":{"start":{"line":403,"column":38},"end":{"line":403,"column":83}},"type":"binary-expr","locations":[{"start":{"line":403,"column":38},"end":{"line":403,"column":48}},{"start":{"line":403,"column":52},"end":{"line":403,"column":62}},{"start":{"line":403,"column":66},"end":{"line":403,"column":83}}]},"20":{"loc":{"start":{"line":411,"column":28},"end":{"line":411,"column":63}},"type":"binary-expr","locations":[{"start":{"line":411,"column":28},"end":{"line":411,"column":38}},{"start":{"line":411,"column":42},"end":{"line":411,"column":63}}]},"21":{"loc":{"start":{"line":412,"column":28},"end":{"line":412,"column":63}},"type":"binary-expr","locations":[{"start":{"line":412,"column":28},"end":{"line":412,"column":39}},{"start":{"line":412,"column":43},"end":{"line":412,"column":63}}]},"22":{"loc":{"start":{"line":413,"column":28},"end":{"line":413,"column":59}},"type":"binary-expr","locations":[{"start":{"line":413,"column":28},"end":{"line":413,"column":37}},{"start":{"line":413,"column":41},"end":{"line":413,"column":59}}]},"23":{"loc":{"start":{"line":415,"column":41},"end":{"line":415,"column":103}},"type":"binary-expr","locations":[{"start":{"line":415,"column":41},"end":{"line":415,"column":52}},{"start":{"line":415,"column":56},"end":{"line":415,"column":103}}]},"24":{"loc":{"start":{"line":421,"column":29},"end":{"line":421,"column":57}},"type":"binary-expr","locations":[{"start":{"line":421,"column":29},"end":{"line":421,"column":42}},{"start":{"line":421,"column":46},"end":{"line":421,"column":57}}]},"25":{"loc":{"start":{"line":430,"column":15},"end":{"line":434,"column":null}},"type":"binary-expr","locations":[{"start":{"line":430,"column":15},"end":{"line":430,"column":25}},{"start":{"line":430,"column":29},"end":{"line":430,"column":51}},{"start":{"line":431,"column":16},"end":{"line":433,"column":null}}]},"26":{"loc":{"start":{"line":466,"column":4},"end":{"line":466,"column":38}},"type":"if","locations":[{"start":{"line":466,"column":4},"end":{"line":466,"column":38}}]},"27":{"loc":{"start":{"line":470,"column":2},"end":{"line":476,"column":3}},"type":"if","locations":[{"start":{"line":470,"column":2},"end":{"line":476,"column":3}}]},"28":{"loc":{"start":{"line":483,"column":4},"end":{"line":488,"column":5}},"type":"if","locations":[{"start":{"line":483,"column":4},"end":{"line":488,"column":5}},{"start":{"line":486,"column":11},"end":{"line":488,"column":5}}]},"29":{"loc":{"start":{"line":492,"column":4},"end":{"line":495,"column":5}},"type":"if","locations":[{"start":{"line":492,"column":4},"end":{"line":495,"column":5}}]},"30":{"loc":{"start":{"line":493,"column":17},"end":{"line":493,"column":61}},"type":"binary-expr","locations":[{"start":{"line":493,"column":17},"end":{"line":493,"column":55}},{"start":{"line":493,"column":59},"end":{"line":493,"column":61}}]},"31":{"loc":{"start":{"line":504,"column":19},"end":{"line":504,"column":59}},"type":"binary-expr","locations":[{"start":{"line":504,"column":19},"end":{"line":504,"column":38}},{"start":{"line":504,"column":42},"end":{"line":504,"column":59}}]},"32":{"loc":{"start":{"line":518,"column":36},"end":{"line":518,"column":75}},"type":"binary-expr","locations":[{"start":{"line":518,"column":36},"end":{"line":518,"column":47}},{"start":{"line":518,"column":51},"end":{"line":518,"column":75}}]},"33":{"loc":{"start":{"line":522,"column":46},"end":{"line":522,"column":89}},"type":"binary-expr","locations":[{"start":{"line":522,"column":46},"end":{"line":522,"column":57}},{"start":{"line":522,"column":61},"end":{"line":522,"column":89}}]},"34":{"loc":{"start":{"line":532,"column":13},"end":{"line":532,"column":49}},"type":"cond-expr","locations":[{"start":{"line":532,"column":26},"end":{"line":532,"column":37}},{"start":{"line":532,"column":40},"end":{"line":532,"column":49}}]}},"s":{"0":1,"1":1,"2":1,"3":1,"4":1,"5":1,"6":1,"7":1,"8":1,"9":1,"10":18,"11":18,"12":28,"13":1,"14":27,"15":1,"16":26,"17":2,"18":24,"19":2,"20":22,"21":0,"22":0,"23":22,"24":1,"25":21,"26":4,"27":17,"28":1,"29":44,"30":44,"31":44,"32":7,"33":7,"34":7,"35":4,"36":44,"37":14,"38":4,"39":5,"40":20,"41":20,"42":1,"43":19,"44":45,"45":45,"46":45,"47":45,"48":7,"49":1,"50":1,"51":39,"52":39,"53":39,"54":1,"55":38,"56":39,"57":2,"58":37,"59":37,"60":37,"61":37,"62":2,"63":1,"64":1,"65":1,"66":37,"67":4,"68":3,"69":3,"70":37,"71":1,"72":1},"f":{"0":18,"1":28,"2":44,"3":7,"4":4,"5":45,"6":7,"7":39,"8":39,"9":2,"10":4},"b":{"0":[18,1],"1":[1],"2":[1],"3":[2],"4":[2],"5":[0],"6":[22,1],"7":[1],"8":[4],"9":[14,4,5,20,1],"10":[14,2,1],"11":[4,3],"12":[4,4],"13":[5,5],"14":[5,4],"15":[1],"16":[19,1],"17":[19,19],"18":[45,17],"19":[45,17,7],"20":[45,7],"21":[45,7],"22":[45,2],"23":[7,7],"24":[45,2],"25":[19,7,5],"26":[1],"27":[2],"28":[1,1],"29":[3],"30":[3,1],"31":[37,0],"32":[37,22],"33":[37,22],"34":[21,16]}}
,"C:\\Users\\enesi\\Desktop\\NScyberLab\\components\\beam\\QuizScreen.tsx": {"path":"C:\\Users\\enesi\\Desktop\\NScyberLab\\components\\beam\\QuizScreen.tsx","statementMap":{"0":{"start":{"line":1,"column":0},"end":{"line":1,"column":59}},"1":{"start":{"line":2,"column":0},"end":{"line":2,"column":null}},"2":{"start":{"line":10,"column":0},"end":{"line":10,"column":77}},"3":{"start":{"line":11,"column":0},"end":{"line":11,"column":62}},"4":{"start":{"line":12,"column":0},"end":{"line":12,"column":77}},"5":{"start":{"line":26,"column":56},"end":{"line":241,"column":1}},"6":{"start":{"line":31,"column":46},"end":{"line":31,"column":75}},"7":{"start":{"line":32,"column":44},"end":{"line":32,"column":56}},"8":{"start":{"line":33,"column":38},"end":{"line":33,"column":53}},"9":{"start":{"line":34,"column":36},"end":{"line":34,"column":51}},"10":{"start":{"line":35,"column":34},"end":{"line":35,"column":68}},"11":{"start":{"line":36,"column":19},"end":{"line":36,"column":56}},"12":{"start":{"line":39,"column":2},"end":{"line":50,"column":17}},"13":{"start":{"line":40,"column":4},"end":{"line":43,"column":5}},"14":{"start":{"line":41,"column":6},"end":{"line":41,"column":26}},"15":{"start":{"line":42,"column":6},"end":{"line":42,"column":13}},"16":{"start":{"line":45,"column":18},"end":{"line":47,"column":12}},"17":{"start":{"line":46,"column":6},"end":{"line":46,"column":36}},"18":{"start":{"line":46,"column":26},"end":{"line":46,"column":34}},"19":{"start":{"line":49,"column":4},"end":{"line":49,"column":37}},"20":{"start":{"line":49,"column":17},"end":{"line":49,"column":36}},"21":{"start":{"line":53,"column":2},"end":{"line":59,"column":20}},"22":{"start":{"line":54,"column":4},"end":{"line":54,"column":28}},"23":{"start":{"line":55,"column":4},"end":{"line":55,"column":25}},"24":{"start":{"line":56,"column":4},"end":{"line":56,"column":25}},"25":{"start":{"line":57,"column":4},"end":{"line":57,"column":42}},"26":{"start":{"line":58,"column":4},"end":{"line":58,"column":25}},"27":{"start":{"line":61,"column":23},"end":{"line":74,"column":3}},"28":{"start":{"line":62,"column":4},"end":{"line":62,"column":26}},"29":{"start":{"line":63,"column":4},"end":{"line":63,"column":24}},"30":{"start":{"line":65,"column":4},"end":{"line":69,"column":15}},"31":{"start":{"line":71,"column":4},"end":{"line":73,"column":13}},"32":{"start":{"line":72,"column":6},"end":{"line":72,"column":24}},"33":{"start":{"line":76,"column":29},"end":{"line":80,"column":3}},"34":{"start":{"line":77,"column":4},"end":{"line":77,"column":27}},"35":{"start":{"line":77,"column":20},"end":{"line":77,"column":27}},"36":{"start":{"line":78,"column":4},"end":{"line":78,"column":32}},"37":{"start":{"line":79,"column":4},"end":{"line":79,"column":34}},"38":{"start":{"line":82,"column":30},"end":{"line":88,"column":3}},"39":{"start":{"line":83,"column":4},"end":{"line":83,"column":27}},"40":{"start":{"line":83,"column":20},"end":{"line":83,"column":27}},"41":{"start":{"line":84,"column":19},"end":{"line":84,"column":44}},"42":{"start":{"line":85,"column":22},"end":{"line":85,"column":48}},"43":{"start":{"line":86,"column":20},"end":{"line":86,"column":81}},"44":{"start":{"line":87,"column":4},"end":{"line":87,"column":26}},"45":{"start":{"line":90,"column":32},"end":{"line":94,"column":3}},"46":{"start":{"line":91,"column":4},"end":{"line":91,"column":27}},"47":{"start":{"line":91,"column":20},"end":{"line":91,"column":27}},"48":{"start":{"line":92,"column":20},"end":{"line":92,"column":53}},"49":{"start":{"line":93,"column":4},"end":{"line":93,"column":26}},"50":{"start":{"line":96,"column":2},"end":{"line":240,"column":4}},"51":{"start":{"line":123,"column":31},"end":{"line":123,"column":59}},"52":{"start":{"line":124,"column":32},"end":{"line":124,"column":62}},"53":{"start":{"line":125,"column":30},"end":{"line":125,"column":75}},"54":{"start":{"line":127,"column":12},"end":{"line":147,"column":14}},"55":{"start":{"line":137,"column":33},"end":{"line":137,"column":80}},"56":{"start":{"line":200,"column":29},"end":{"line":200,"column":56}},"57":{"start":{"line":215,"column":29},"end":{"line":215,"column":57}},"58":{"start":{"line":247,"column":36},"end":{"line":326,"column":1}},"59":{"start":{"line":255,"column":6},"end":{"line":255,"column":25}},"60":{"start":{"line":257,"column":36},"end":{"line":257,"column":64}},"61":{"start":{"line":260,"column":2},"end":{"line":274,"column":20}},"62":{"start":{"line":261,"column":4},"end":{"line":273,"column":5}},"63":{"start":{"line":262,"column":30},"end":{"line":262,"column":55}},"64":{"start":{"line":263,"column":6},"end":{"line":266,"column":7}},"65":{"start":{"line":264,"column":8},"end":{"line":264,"column":50}},"66":{"start":{"line":264,"column":43},"end":{"line":264,"column":47}},"67":{"start":{"line":265,"column":8},"end":{"line":265,"column":38}},"68":{"start":{"line":267,"column":11},"end":{"line":273,"column":5}},"69":{"start":{"line":269,"column":30},"end":{"line":271,"column":58}},"70":{"start":{"line":270,"column":19},"end":{"line":270,"column":42}},"71":{"start":{"line":271,"column":42},"end":{"line":271,"column":57}},"72":{"start":{"line":272,"column":6},"end":{"line":272,"column":36}},"73":{"start":{"line":276,"column":2},"end":{"line":282,"column":3}},"74":{"start":{"line":277,"column":4},"end":{"line":281,"column":6}},"75":{"start":{"line":284,"column":26},"end":{"line":284,"column":61}},"76":{"start":{"line":285,"column":25},"end":{"line":285,"column":74}},"77":{"start":{"line":287,"column":23},"end":{"line":300,"column":3}},"78":{"start":{"line":288,"column":21},"end":{"line":288,"column":45}},"79":{"start":{"line":289,"column":22},"end":{"line":289,"column":59}},"80":{"start":{"line":291,"column":4},"end":{"line":291,"column":49}},"81":{"start":{"line":293,"column":4},"end":{"line":299,"column":12}},"82":{"start":{"line":294,"column":6},"end":{"line":298,"column":7}},"83":{"start":{"line":295,"column":8},"end":{"line":295,"column":18}},"84":{"start":{"line":297,"column":8},"end":{"line":297,"column":23}},"85":{"start":{"line":302,"column":2},"end":{"line":325,"column":4}},"86":{"start":{"line":247,"column":13},"end":{"line":247,"column":36}},"87":{"start":{"line":332,"column":15},"end":{"line":596,"column":2}},"88":{"start":{"line":598,"column":0},"end":{"line":598,"column":26}}},"fnMap":{"0":{"name":"(anonymous_9)","decl":{"start":{"line":26,"column":56},"end":{"line":26,"column":57}},"loc":{"start":{"line":30,"column":5},"end":{"line":241,"column":1}}},"1":{"name":"(anonymous_10)","decl":{"start":{"line":39,"column":12},"end":{"line":39,"column":15}},"loc":{"start":{"line":39,"column":17},"end":{"line":50,"column":3}}},"2":{"name":"(anonymous_11)","decl":{"start":{"line":45,"column":29},"end":{"line":45,"column":32}},"loc":{"start":{"line":45,"column":34},"end":{"line":47,"column":5}}},"3":{"name":"(anonymous_12)","decl":{"start":{"line":46,"column":18},"end":{"line":46,"column":22}},"loc":{"start":{"line":46,"column":26},"end":{"line":46,"column":34}}},"4":{"name":"(anonymous_13)","decl":{"start":{"line":49,"column":11},"end":{"line":49,"column":14}},"loc":{"start":{"line":49,"column":17},"end":{"line":49,"column":36}}},"5":{"name":"(anonymous_14)","decl":{"start":{"line":53,"column":12},"end":{"line":53,"column":15}},"loc":{"start":{"line":53,"column":17},"end":{"line":59,"column":3}}},"6":{"name":"(anonymous_15)","decl":{"start":{"line":61,"column":23},"end":{"line":61,"column":24}},"loc":{"start":{"line":61,"column":44},"end":{"line":74,"column":3}}},"7":{"name":"(anonymous_16)","decl":{"start":{"line":71,"column":15},"end":{"line":71,"column":18}},"loc":{"start":{"line":71,"column":20},"end":{"line":73,"column":5}}},"8":{"name":"(anonymous_17)","decl":{"start":{"line":76,"column":29},"end":{"line":76,"column":30}},"loc":{"start":{"line":76,"column":76},"end":{"line":80,"column":3}}},"9":{"name":"(anonymous_18)","decl":{"start":{"line":82,"column":30},"end":{"line":82,"column":33}},"loc":{"start":{"line":82,"column":35},"end":{"line":88,"column":3}}},"10":{"name":"(anonymous_19)","decl":{"start":{"line":90,"column":32},"end":{"line":90,"column":33}},"loc":{"start":{"line":90,"column":51},"end":{"line":94,"column":3}}},"11":{"name":"(anonymous_20)","decl":{"start":{"line":122,"column":32},"end":{"line":122,"column":33}},"loc":{"start":{"line":122,"column":43},"end":{"line":148,"column":11}}},"12":{"name":"(anonymous_21)","decl":{"start":{"line":137,"column":27},"end":{"line":137,"column":30}},"loc":{"start":{"line":137,"column":33},"end":{"line":137,"column":80}}},"13":{"name":"(anonymous_22)","decl":{"start":{"line":200,"column":23},"end":{"line":200,"column":26}},"loc":{"start":{"line":200,"column":29},"end":{"line":200,"column":56}}},"14":{"name":"(anonymous_23)","decl":{"start":{"line":215,"column":23},"end":{"line":215,"column":26}},"loc":{"start":{"line":215,"column":29},"end":{"line":215,"column":57}}},"15":{"name":"(anonymous_24)","decl":{"start":{"line":247,"column":36},"end":{"line":247,"column":39}},"loc":{"start":{"line":247,"column":41},"end":{"line":326,"column":1}}},"16":{"name":"(anonymous_25)","decl":{"start":{"line":260,"column":12},"end":{"line":260,"column":15}},"loc":{"start":{"line":260,"column":17},"end":{"line":274,"column":3}}},"17":{"name":"(anonymous_26)","decl":{"start":{"line":264,"column":38},"end":{"line":264,"column":39}},"loc":{"start":{"line":264,"column":43},"end":{"line":264,"column":47}}},"18":{"name":"(anonymous_27)","decl":{"start":{"line":270,"column":13},"end":{"line":270,"column":15}},"loc":{"start":{"line":270,"column":19},"end":{"line":270,"column":42}}},"19":{"name":"(anonymous_28)","decl":{"start":{"line":271,"column":16},"end":{"line":271,"column":17}},"loc":{"start":{"line":271,"column":42},"end":{"line":271,"column":57}}},"20":{"name":"(anonymous_29)","decl":{"start":{"line":287,"column":23},"end":{"line":287,"column":24}},"loc":{"start":{"line":287,"column":46},"end":{"line":300,"column":3}}},"21":{"name":"(anonymous_30)","decl":{"start":{"line":293,"column":15},"end":{"line":293,"column":18}},"loc":{"start":{"line":293,"column":20},"end":{"line":299,"column":5}}}},"branchMap":{"0":{"loc":{"start":{"line":35,"column":43},"end":{"line":35,"column":67}},"type":"binary-expr","locations":[{"start":{"line":35,"column":43},"end":{"line":35,"column":61}},{"start":{"line":35,"column":65},"end":{"line":35,"column":67}}]},"1":{"loc":{"start":{"line":40,"column":4},"end":{"line":43,"column":5}},"type":"if","locations":[{"start":{"line":40,"column":4},"end":{"line":43,"column":5}}]},"2":{"loc":{"start":{"line":57,"column":16},"end":{"line":57,"column":40}},"type":"binary-expr","locations":[{"start":{"line":57,"column":16},"end":{"line":57,"column":34}},{"start":{"line":57,"column":38},"end":{"line":57,"column":40}}]},"3":{"loc":{"start":{"line":77,"column":4},"end":{"line":77,"column":27}},"type":"if","locations":[{"start":{"line":77,"column":4},"end":{"line":77,"column":27}}]},"4":{"loc":{"start":{"line":83,"column":4},"end":{"line":83,"column":27}},"type":"if","locations":[{"start":{"line":83,"column":4},"end":{"line":83,"column":27}}]},"5":{"loc":{"start":{"line":85,"column":22},"end":{"line":85,"column":48}},"type":"binary-expr","locations":[{"start":{"line":85,"column":22},"end":{"line":85,"column":40}},{"start":{"line":85,"column":44},"end":{"line":85,"column":48}}]},"6":{"loc":{"start":{"line":86,"column":39},"end":{"line":86,"column":66}},"type":"binary-expr","locations":[{"start":{"line":86,"column":39},"end":{"line":86,"column":61}},{"start":{"line":86,"column":65},"end":{"line":86,"column":66}}]},"7":{"loc":{"start":{"line":91,"column":4},"end":{"line":91,"column":27}},"type":"if","locations":[{"start":{"line":91,"column":4},"end":{"line":91,"column":27}}]},"8":{"loc":{"start":{"line":103,"column":12},"end":{"line":103,"column":49}},"type":"binary-expr","locations":[{"start":{"line":103,"column":12},"end":{"line":103,"column":26}},{"start":{"line":103,"column":30},"end":{"line":103,"column":49}}]},"9":{"loc":{"start":{"line":116,"column":9},"end":{"line":116,"column":49}},"type":"binary-expr","locations":[{"start":{"line":116,"column":9},"end":{"line":116,"column":28}},{"start":{"line":116,"column":32},"end":{"line":116,"column":49}}]},"10":{"loc":{"start":{"line":120,"column":7},"end":{"line":149,"column":null}},"type":"binary-expr","locations":[{"start":{"line":120,"column":7},"end":{"line":120,"column":42}},{"start":{"line":120,"column":46},"end":{"line":120,"column":62}},{"start":{"line":121,"column":8},"end":{"line":148,"column":null}}]},"11":{"loc":{"start":{"line":124,"column":32},"end":{"line":124,"column":62}},"type":"binary-expr","locations":[{"start":{"line":124,"column":32},"end":{"line":124,"column":42}},{"start":{"line":124,"column":46},"end":{"line":124,"column":62}}]},"12":{"loc":{"start":{"line":125,"column":30},"end":{"line":125,"column":75}},"type":"binary-expr","locations":[{"start":{"line":125,"column":30},"end":{"line":125,"column":40}},{"start":{"line":125,"column":44},"end":{"line":125,"column":54}},{"start":{"line":125,"column":58},"end":{"line":125,"column":75}}]},"13":{"loc":{"start":{"line":133,"column":20},"end":{"line":133,"column":55}},"type":"binary-expr","locations":[{"start":{"line":133,"column":20},"end":{"line":133,"column":30}},{"start":{"line":133,"column":34},"end":{"line":133,"column":55}}]},"14":{"loc":{"start":{"line":134,"column":20},"end":{"line":134,"column":55}},"type":"binary-expr","locations":[{"start":{"line":134,"column":20},"end":{"line":134,"column":31}},{"start":{"line":134,"column":35},"end":{"line":134,"column":55}}]},"15":{"loc":{"start":{"line":135,"column":20},"end":{"line":135,"column":51}},"type":"binary-expr","locations":[{"start":{"line":135,"column":20},"end":{"line":135,"column":29}},{"start":{"line":135,"column":33},"end":{"line":135,"column":51}}]},"16":{"loc":{"start":{"line":143,"column":21},"end":{"line":143,"column":49}},"type":"binary-expr","locations":[{"start":{"line":143,"column":21},"end":{"line":143,"column":34}},{"start":{"line":143,"column":38},"end":{"line":143,"column":49}}]},"17":{"loc":{"start":{"line":152,"column":7},"end":{"line":187,"column":null}},"type":"binary-expr","locations":[{"start":{"line":152,"column":7},"end":{"line":152,"column":34}},{"start":{"line":153,"column":8},"end":{"line":186,"column":null}}]},"18":{"loc":{"start":{"line":158,"column":16},"end":{"line":158,"column":83}},"type":"binary-expr","locations":[{"start":{"line":158,"column":16},"end":{"line":158,"column":26}},{"start":{"line":158,"column":31},"end":{"line":158,"column":82}}]},"19":{"loc":{"start":{"line":158,"column":31},"end":{"line":158,"column":82}},"type":"cond-expr","locations":[{"start":{"line":158,"column":43},"end":{"line":158,"column":62}},{"start":{"line":158,"column":65},"end":{"line":158,"column":82}}]},"20":{"loc":{"start":{"line":167,"column":43},"end":{"line":167,"column":62}},"type":"binary-expr","locations":[{"start":{"line":167,"column":43},"end":{"line":167,"column":56}},{"start":{"line":167,"column":60},"end":{"line":167,"column":62}}]},"21":{"loc":{"start":{"line":170,"column":11},"end":{"line":180,"column":null}},"type":"binary-expr","locations":[{"start":{"line":170,"column":11},"end":{"line":170,"column":22}},{"start":{"line":171,"column":12},"end":{"line":179,"column":null}}]},"22":{"loc":{"start":{"line":182,"column":11},"end":{"line":185,"column":null}},"type":"binary-expr","locations":[{"start":{"line":182,"column":11},"end":{"line":182,"column":21}},{"start":{"line":183,"column":12},"end":{"line":184,"column":null}}]},"23":{"loc":{"start":{"line":190,"column":7},"end":{"line":222,"column":null}},"type":"binary-expr","locations":[{"start":{"line":190,"column":7},"end":{"line":190,"column":37}},{"start":{"line":191,"column":8},"end":{"line":221,"column":null}}]},"24":{"loc":{"start":{"line":197,"column":16},"end":{"line":197,"column":86}},"type":"binary-expr","locations":[{"start":{"line":197,"column":16},"end":{"line":197,"column":26}},{"start":{"line":197,"column":30},"end":{"line":197,"column":62}},{"start":{"line":197,"column":66},"end":{"line":197,"column":86}}]},"25":{"loc":{"start":{"line":198,"column":16},"end":{"line":198,"column":85}},"type":"binary-expr","locations":[{"start":{"line":198,"column":16},"end":{"line":198,"column":26}},{"start":{"line":198,"column":30},"end":{"line":198,"column":63}},{"start":{"line":198,"column":67},"end":{"line":198,"column":85}}]},"26":{"loc":{"start":{"line":212,"column":16},"end":{"line":212,"column":87}},"type":"binary-expr","locations":[{"start":{"line":212,"column":16},"end":{"line":212,"column":26}},{"start":{"line":212,"column":30},"end":{"line":212,"column":63}},{"start":{"line":212,"column":67},"end":{"line":212,"column":87}}]},"27":{"loc":{"start":{"line":213,"column":16},"end":{"line":213,"column":84}},"type":"binary-expr","locations":[{"start":{"line":213,"column":16},"end":{"line":213,"column":26}},{"start":{"line":213,"column":30},"end":{"line":213,"column":62}},{"start":{"line":213,"column":66},"end":{"line":213,"column":84}}]},"28":{"loc":{"start":{"line":226,"column":7},"end":{"line":237,"column":null}},"type":"binary-expr","locations":[{"start":{"line":226,"column":7},"end":{"line":226,"column":17}},{"start":{"line":227,"column":8},"end":{"line":236,"column":null}}]},"29":{"loc":{"start":{"line":230,"column":12},"end":{"line":230,"column":65}},"type":"cond-expr","locations":[{"start":{"line":230,"column":24},"end":{"line":230,"column":44}},{"start":{"line":230,"column":47},"end":{"line":230,"column":65}}]},"30":{"loc":{"start":{"line":232,"column":13},"end":{"line":232,"column":48}},"type":"cond-expr","locations":[{"start":{"line":232,"column":25},"end":{"line":232,"column":35}},{"start":{"line":232,"column":38},"end":{"line":232,"column":48}}]},"31":{"loc":{"start":{"line":234,"column":11},"end":{"line":235,"column":null}},"type":"binary-expr","locations":[{"start":{"line":234,"column":11},"end":{"line":234,"column":33}},{"start":{"line":235,"column":12},"end":{"line":235,"column":80}}]},"32":{"loc":{"start":{"line":261,"column":4},"end":{"line":273,"column":5}},"type":"if","locations":[{"start":{"line":261,"column":4},"end":{"line":273,"column":5}},{"start":{"line":267,"column":11},"end":{"line":273,"column":5}}]},"33":{"loc":{"start":{"line":263,"column":6},"end":{"line":266,"column":7}},"type":"if","locations":[{"start":{"line":263,"column":6},"end":{"line":266,"column":7}}]},"34":{"loc":{"start":{"line":267,"column":11},"end":{"line":273,"column":5}},"type":"if","locations":[{"start":{"line":267,"column":11},"end":{"line":273,"column":5}}]},"35":{"loc":{"start":{"line":276,"column":2},"end":{"line":282,"column":3}},"type":"if","locations":[{"start":{"line":276,"column":2},"end":{"line":282,"column":3}}]},"36":{"loc":{"start":{"line":276,"column":6},"end":{"line":276,"column":44}},"type":"binary-expr","locations":[{"start":{"line":276,"column":6},"end":{"line":276,"column":18}},{"start":{"line":276,"column":22},"end":{"line":276,"column":44}}]},"37":{"loc":{"start":{"line":289,"column":23},"end":{"line":289,"column":54}},"type":"binary-expr","locations":[{"start":{"line":289,"column":23},"end":{"line":289,"column":48}},{"start":{"line":289,"column":52},"end":{"line":289,"column":54}}]},"38":{"loc":{"start":{"line":294,"column":6},"end":{"line":298,"column":7}},"type":"if","locations":[{"start":{"line":294,"column":6},"end":{"line":298,"column":7}},{"start":{"line":296,"column":13},"end":{"line":298,"column":7}}]}},"s":{"0":1,"1":1,"2":1,"3":1,"4":1,"5":1,"6":38,"7":38,"8":38,"9":38,"10":38,"11":38,"12":38,"13":26,"14":0,"15":0,"16":26,"17":8,"18":8,"19":26,"20":26,"21":38,"22":18,"23":18,"24":18,"25":18,"26":18,"27":38,"28":10,"29":10,"30":10,"31":10,"32":8,"33":38,"34":6,"35":0,"36":6,"37":6,"38":38,"39":2,"40":0,"41":2,"42":2,"43":2,"44":2,"45":38,"46":2,"47":0,"48":2,"49":2,"50":38,"51":44,"52":44,"53":44,"54":44,"55":6,"56":1,"57":1,"58":1,"59":40,"60":40,"61":40,"62":20,"63":2,"64":2,"65":2,"66":6,"67":2,"68":18,"69":18,"70":20,"71":20,"72":18,"73":40,"74":22,"75":18,"76":18,"77":18,"78":8,"79":8,"80":8,"81":8,"82":8,"83":7,"84":1,"85":18,"86":1,"87":1,"88":1},"f":{"0":38,"1":26,"2":8,"3":8,"4":26,"5":18,"6":10,"7":8,"8":6,"9":2,"10":2,"11":44,"12":6,"13":1,"14":1,"15":40,"16":20,"17":6,"18":20,"19":20,"20":8,"21":8},"b":{"0":[38,0],"1":[0],"2":[18,0],"3":[0],"4":[0],"5":[2,0],"6":[2,0],"7":[0],"8":[38,0],"9":[38,0],"10":[38,22,22],"11":[44,20],"12":[44,20,10],"13":[44,10],"14":[44,10],"15":[44,0],"16":[44,0],"17":[38,9],"18":[9,4],"19":[4,0],"20":[9,0],"21":[9,5],"22":[9,4],"23":[38,7],"24":[7,4,4],"25":[7,4,0],"26":[7,4,0],"27":[7,4,4],"28":[38,18],"29":[16,2],"30":[16,2],"31":[18,18],"32":[2,18],"33":[2],"34":[18],"35":[22],"36":[40,36],"37":[8,0],"38":[7,1]}}
,"C:\\Users\\enesi\\Desktop\\NScyberLab\\components\\beam\\ResultsScreen.tsx": {"path":"C:\\Users\\enesi\\Desktop\\NScyberLab\\components\\beam\\ResultsScreen.tsx","statementMap":{"0":{"start":{"line":1,"column":0},"end":{"line":1,"column":26}},"1":{"start":{"line":2,"column":0},"end":{"line":2,"column":null}},"2":{"start":{"line":9,"column":0},"end":{"line":9,"column":77}},"3":{"start":{"line":10,"column":0},"end":{"line":10,"column":62}},"4":{"start":{"line":12,"column":39},"end":{"line":143,"column":1}},"5":{"start":{"line":13,"column":46},"end":{"line":13,"column":65}},"6":{"start":{"line":15,"column":2},"end":{"line":24,"column":3}},"7":{"start":{"line":16,"column":4},"end":{"line":23,"column":6}},"8":{"start":{"line":26,"column":23},"end":{"line":26,"column":74}},"9":{"start":{"line":26,"column":55},"end":{"line":26,"column":66}},"10":{"start":{"line":27,"column":25},"end":{"line":27,"column":51}},"11":{"start":{"line":28,"column":19},"end":{"line":28,"column":93}},"12":{"start":{"line":29,"column":18},"end":{"line":29,"column":40}},"13":{"start":{"line":31,"column":19},"end":{"line":36,"column":3}},"14":{"start":{"line":32,"column":4},"end":{"line":32,"column":95}},"15":{"start":{"line":32,"column":24},"end":{"line":32,"column":95}},"16":{"start":{"line":33,"column":4},"end":{"line":33,"column":89}},"17":{"start":{"line":33,"column":24},"end":{"line":33,"column":89}},"18":{"start":{"line":34,"column":4},"end":{"line":34,"column":91}},"19":{"start":{"line":34,"column":24},"end":{"line":34,"column":91}},"20":{"start":{"line":35,"column":4},"end":{"line":35,"column":75}},"21":{"start":{"line":38,"column":20},"end":{"line":38,"column":30}},"22":{"start":{"line":40,"column":2},"end":{"line":142,"column":4}},"23":{"start":{"line":93,"column":10},"end":{"line":109,"column":null}},"24":{"start":{"line":12,"column":13},"end":{"line":12,"column":39}},"25":{"start":{"line":145,"column":15},"end":{"line":391,"column":2}},"26":{"start":{"line":393,"column":0},"end":{"line":393,"column":29}}},"fnMap":{"0":{"name":"(anonymous_1)","decl":{"start":{"line":12,"column":39},"end":{"line":12,"column":42}},"loc":{"start":{"line":12,"column":44},"end":{"line":143,"column":1}}},"1":{"name":"(anonymous_2)","decl":{"start":{"line":26,"column":50},"end":{"line":26,"column":51}},"loc":{"start":{"line":26,"column":55},"end":{"line":26,"column":66}}},"2":{"name":"(anonymous_3)","decl":{"start":{"line":31,"column":19},"end":{"line":31,"column":22}},"loc":{"start":{"line":31,"column":24},"end":{"line":36,"column":3}}},"3":{"name":"(anonymous_4)","decl":{"start":{"line":92,"column":33},"end":{"line":92,"column":34}},"loc":{"start":{"line":93,"column":10},"end":{"line":109,"column":null}}}},"branchMap":{"0":{"loc":{"start":{"line":15,"column":2},"end":{"line":24,"column":3}},"type":"if","locations":[{"start":{"line":15,"column":2},"end":{"line":24,"column":3}}]},"1":{"loc":{"start":{"line":28,"column":19},"end":{"line":28,"column":93}},"type":"cond-expr","locations":[{"start":{"line":28,"column":40},"end":{"line":28,"column":89}},{"start":{"line":28,"column":92},"end":{"line":28,"column":93}}]},"2":{"loc":{"start":{"line":32,"column":4},"end":{"line":32,"column":95}},"type":"if","locations":[{"start":{"line":32,"column":4},"end":{"line":32,"column":95}}]},"3":{"loc":{"start":{"line":33,"column":4},"end":{"line":33,"column":89}},"type":"if","locations":[{"start":{"line":33,"column":4},"end":{"line":33,"column":89}}]},"4":{"loc":{"start":{"line":34,"column":4},"end":{"line":34,"column":91}},"type":"if","locations":[{"start":{"line":34,"column":4},"end":{"line":34,"column":91}}]},"5":{"loc":{"start":{"line":99,"column":16},"end":{"line":99,"column":76}},"type":"cond-expr","locations":[{"start":{"line":99,"column":35},"end":{"line":99,"column":55}},{"start":{"line":99,"column":58},"end":{"line":99,"column":76}}]},"6":{"loc":{"start":{"line":101,"column":17},"end":{"line":101,"column":59}},"type":"cond-expr","locations":[{"start":{"line":101,"column":36},"end":{"line":101,"column":46}},{"start":{"line":101,"column":49},"end":{"line":101,"column":59}}]},"7":{"loc":{"start":{"line":105,"column":25},"end":{"line":105,"column":87}},"type":"cond-expr","locations":[{"start":{"line":105,"column":47},"end":{"line":105,"column":68}},{"start":{"line":105,"column":71},"end":{"line":105,"column":87}}]}},"s":{"0":1,"1":1,"2":1,"3":1,"4":1,"5":19,"6":19,"7":2,"8":17,"9":41,"10":17,"11":17,"12":17,"13":17,"14":17,"15":10,"16":7,"17":2,"18":5,"19":3,"20":2,"21":17,"22":17,"23":41,"24":1,"25":1,"26":1},"f":{"0":19,"1":41,"2":17,"3":41},"b":{"0":[2],"1":[16,1],"2":[10],"3":[2],"4":[3],"5":[32,9],"6":[32,9],"7":[32,9]}}
,"C:\\Users\\enesi\\Desktop\\NScyberLab\\components\\beam\\StepIndicator.tsx": {"path":"C:\\Users\\enesi\\Desktop\\NScyberLab\\components\\beam\\StepIndicator.tsx","statementMap":{"0":{"start":{"line":1,"column":0},"end":{"line":1,"column":26}},"1":{"start":{"line":2,"column":0},"end":{"line":2,"column":54}},"2":{"start":{"line":3,"column":0},"end":{"line":3,"column":60}},"3":{"start":{"line":11,"column":59},"end":{"line":50,"column":1}},"4":{"start":{"line":16,"column":25},"end":{"line":16,"column":40}},"5":{"start":{"line":17,"column":19},"end":{"line":17,"column":55}},"6":{"start":{"line":19,"column":2},"end":{"line":49,"column":4}},"7":{"start":{"line":37,"column":14},"end":{"line":42,"column":null}},"8":{"start":{"line":11,"column":13},"end":{"line":11,"column":59}},"9":{"start":{"line":52,"column":15},"end":{"line":132,"column":2}},"10":{"start":{"line":134,"column":0},"end":{"line":134,"column":29}}},"fnMap":{"0":{"name":"(anonymous_1)","decl":{"start":{"line":11,"column":59},"end":{"line":11,"column":60}},"loc":{"start":{"line":15,"column":5},"end":{"line":50,"column":1}}},"1":{"name":"(anonymous_2)","decl":{"start":{"line":36,"column":52},"end":{"line":36,"column":53}},"loc":{"start":{"line":37,"column":14},"end":{"line":42,"column":null}}}},"branchMap":{"0":{"loc":{"start":{"line":16,"column":25},"end":{"line":16,"column":40}},"type":"binary-expr","locations":[{"start":{"line":16,"column":25},"end":{"line":16,"column":35}},{"start":{"line":16,"column":39},"end":{"line":16,"column":40}}]},"1":{"loc":{"start":{"line":25,"column":58},"end":{"line":25,"column":73}},"type":"binary-expr","locations":[{"start":{"line":25,"column":58},"end":{"line":25,"column":67}},{"start":{"line":25,"column":71},"end":{"line":25,"column":73}}]},"2":{"loc":{"start":{"line":41,"column":18},"end":{"line":41,"column":58}},"type":"binary-expr","locations":[{"start":{"line":41,"column":18},"end":{"line":41,"column":37}},{"start":{"line":41,"column":41},"end":{"line":41,"column":58}}]}},"s":{"0":0,"1":0,"2":0,"3":0,"4":0,"5":0,"6":0,"7":0,"8":0,"9":0,"10":0},"f":{"0":0,"1":0},"b":{"0":[0,0],"1":[0,0],"2":[0,0]}}
,"C:\\Users\\enesi\\Desktop\\NScyberLab\\components\\beam\\index.ts": {"path":"C:\\Users\\enesi\\Desktop\\NScyberLab\\components\\beam\\index.ts","statementMap":{"0":{"start":{"line":2,"column":0},"end":{"line":2,"column":9}},"1":{"start":{"line":2,"column":9},"end":{"line":2,"column":60}},"2":{"start":{"line":3,"column":0},"end":{"line":3,"column":9}},"3":{"start":{"line":3,"column":9},"end":{"line":3,"column":46}},"4":{"start":{"line":4,"column":0},"end":{"line":4,"column":9}},"5":{"start":{"line":4,"column":9},"end":{"line":4,"column":42}},"6":{"start":{"line":5,"column":0},"end":{"line":5,"column":9}},"7":{"start":{"line":5,"column":9},"end":{"line":5,"column":48}},"8":{"start":{"line":6,"column":0},"end":{"line":6,"column":9}},"9":{"start":{"line":6,"column":9},"end":{"line":6,"column":48}},"10":{"start":{"line":7,"column":0},"end":{"line":7,"column":9}},"11":{"start":{"line":7,"column":9},"end":{"line":7,"column":50}},"12":{"start":{"line":8,"column":0},"end":{"line":8,"column":9}},"13":{"start":{"line":8,"column":9},"end":{"line":8,"column":60}}},"fnMap":{"0":{"name":"(anonymous_0)","decl":{"start":{"line":2,"column":9},"end":{"line":2,"column":28}},"loc":{"start":{"line":2,"column":9},"end":{"line":2,"column":60}}},"1":{"name":"(anonymous_1)","decl":{"start":{"line":3,"column":9},"end":{"line":3,"column":21}},"loc":{"start":{"line":3,"column":9},"end":{"line":3,"column":46}}},"2":{"name":"(anonymous_2)","decl":{"start":{"line":4,"column":9},"end":{"line":4,"column":19}},"loc":{"start":{"line":4,"column":9},"end":{"line":4,"column":42}}},"3":{"name":"(anonymous_3)","decl":{"start":{"line":5,"column":9},"end":{"line":5,"column":22}},"loc":{"start":{"line":5,"column":9},"end":{"line":5,"column":48}}},"4":{"name":"(anonymous_4)","decl":{"start":{"line":6,"column":9},"end":{"line":6,"column":22}},"loc":{"start":{"line":6,"column":9},"end":{"line":6,"column":48}}},"5":{"name":"(anonymous_5)","decl":{"start":{"line":7,"column":9},"end":{"line":7,"column":23}},"loc":{"start":{"line":7,"column":9},"end":{"line":7,"column":50}}},"6":{"name":"(anonymous_6)","decl":{"start":{"line":8,"column":9},"end":{"line":8,"column":28}},"loc":{"start":{"line":8,"column":9},"end":{"line":8,"column":60}}}},"branchMap":{},"s":{"0":0,"1":0,"2":0,"3":0,"4":0,"5":0,"6":0,"7":0,"8":0,"9":0,"10":0,"11":0,"12":0,"13":0},"f":{"0":0,"1":0,"2":0,"3":0,"4":0,"5":0,"6":0},"b":{}}
,"C:\\Users\\enesi\\Desktop\\NScyberLab\\components\\game-3d\\Game3DScreen.tsx": {"path":"C:\\Users\\enesi\\Desktop\\NScyberLab\\components\\game-3d\\Game3DScreen.tsx","statementMap":{"0":{"start":{"line":1,"column":0},"end":{"line":1,"column":40}},"1":{"start":{"line":2,"column":0},"end":{"line":2,"column":null}},"2":{"start":{"line":9,"column":0},"end":{"line":9,"column":44}},"3":{"start":{"line":10,"column":0},"end":{"line":10,"column":67}},"4":{"start":{"line":11,"column":0},"end":{"line":11,"column":60}},"5":{"start":{"line":12,"column":0},"end":{"line":12,"column":63}},"6":{"start":{"line":13,"column":0},"end":{"line":13,"column":75}},"7":{"start":{"line":14,"column":0},"end":{"line":14,"column":60}},"8":{"start":{"line":15,"column":0},"end":{"line":15,"column":53}},"9":{"start":{"line":16,"column":0},"end":{"line":16,"column":52}},"10":{"start":{"line":17,"column":0},"end":{"line":17,"column":54}},"11":{"start":{"line":20,"column":32},"end":{"line":20,"column":56}},"12":{"start":{"line":26,"column":57},"end":{"line":171,"column":1}},"13":{"start":{"line":27,"column":42},"end":{"line":27,"column":73}},"14":{"start":{"line":28,"column":48},"end":{"line":28,"column":62}},"15":{"start":{"line":29,"column":17},"end":{"line":29,"column":36}},"16":{"start":{"line":30,"column":19},"end":{"line":30,"column":34}},"17":{"start":{"line":31,"column":22},"end":{"line":31,"column":38}},"18":{"start":{"line":33,"column":28},"end":{"line":35,"column":3}},"19":{"start":{"line":34,"column":4},"end":{"line":34,"column":27}},"20":{"start":{"line":37,"column":29},"end":{"line":40,"column":3}},"21":{"start":{"line":39,"column":4},"end":{"line":39,"column":35}},"22":{"start":{"line":42,"column":22},"end":{"line":55,"column":3}},"23":{"start":{"line":43,"column":4},"end":{"line":54,"column":5}},"24":{"start":{"line":45,"column":8},"end":{"line":45,"column":66}},"25":{"start":{"line":45,"column":38},"end":{"line":45,"column":66}},"26":{"start":{"line":46,"column":8},"end":{"line":46,"column":14}},"27":{"start":{"line":48,"column":8},"end":{"line":48,"column":66}},"28":{"start":{"line":48,"column":41},"end":{"line":48,"column":66}},"29":{"start":{"line":49,"column":8},"end":{"line":49,"column":14}},"30":{"start":{"line":53,"column":8},"end":{"line":53,"column":14}},"31":{"start":{"line":57,"column":2},"end":{"line":170,"column":4}},"32":{"start":{"line":88,"column":27},"end":{"line":88,"column":56}},"33":{"start":{"line":104,"column":27},"end":{"line":104,"column":53}},"34":{"start":{"line":120,"column":29},"end":{"line":120,"column":48}},"35":{"start":{"line":121,"column":30},"end":{"line":121,"column":50}},"36":{"start":{"line":122,"column":27},"end":{"line":122,"column":44}},"37":{"start":{"line":123,"column":29},"end":{"line":123,"column":48}},"38":{"start":{"line":129,"column":18},"end":{"line":129,"column":52}},"39":{"start":{"line":131,"column":44},"end":{"line":131,"column":74}},"40":{"start":{"line":132,"column":41},"end":{"line":132,"column":72}},"41":{"start":{"line":137,"column":40},"end":{"line":137,"column":74}},"42":{"start":{"line":147,"column":29},"end":{"line":147,"column":61}},"43":{"start":{"line":161,"column":27},"end":{"line":161,"column":63}},"44":{"start":{"line":26,"column":13},"end":{"line":26,"column":57}},"45":{"start":{"line":173,"column":15},"end":{"line":291,"column":2}}},"fnMap":{"0":{"name":"(anonymous_9)","decl":{"start":{"line":26,"column":57},"end":{"line":26,"column":58}},"loc":{"start":{"line":26,"column":72},"end":{"line":171,"column":1}}},"1":{"name":"(anonymous_10)","decl":{"start":{"line":33,"column":28},"end":{"line":33,"column":29}},"loc":{"start":{"line":33,"column":49},"end":{"line":35,"column":3}}},"2":{"name":"(anonymous_11)","decl":{"start":{"line":37,"column":29},"end":{"line":37,"column":30}},"loc":{"start":{"line":37,"column":54},"end":{"line":40,"column":3}}},"3":{"name":"(anonymous_12)","decl":{"start":{"line":42,"column":22},"end":{"line":42,"column":23}},"loc":{"start":{"line":42,"column":70},"end":{"line":55,"column":3}}},"4":{"name":"(anonymous_13)","decl":{"start":{"line":88,"column":21},"end":{"line":88,"column":24}},"loc":{"start":{"line":88,"column":27},"end":{"line":88,"column":56}}},"5":{"name":"(anonymous_14)","decl":{"start":{"line":104,"column":21},"end":{"line":104,"column":24}},"loc":{"start":{"line":104,"column":27},"end":{"line":104,"column":53}}},"6":{"name":"(anonymous_15)","decl":{"start":{"line":120,"column":23},"end":{"line":120,"column":26}},"loc":{"start":{"line":120,"column":29},"end":{"line":120,"column":48}}},"7":{"name":"(anonymous_16)","decl":{"start":{"line":121,"column":24},"end":{"line":121,"column":27}},"loc":{"start":{"line":121,"column":30},"end":{"line":121,"column":50}}},"8":{"name":"(anonymous_17)","decl":{"start":{"line":122,"column":21},"end":{"line":122,"column":24}},"loc":{"start":{"line":122,"column":27},"end":{"line":122,"column":44}}},"9":{"name":"(anonymous_18)","decl":{"start":{"line":123,"column":23},"end":{"line":123,"column":26}},"loc":{"start":{"line":123,"column":29},"end":{"line":123,"column":48}}},"10":{"name":"(anonymous_19)","decl":{"start":{"line":128,"column":30},"end":{"line":128,"column":31}},"loc":{"start":{"line":129,"column":18},"end":{"line":129,"column":52}}},"11":{"name":"(anonymous_20)","decl":{"start":{"line":131,"column":35},"end":{"line":131,"column":36}},"loc":{"start":{"line":131,"column":44},"end":{"line":131,"column":74}}},"12":{"name":"(anonymous_21)","decl":{"start":{"line":132,"column":35},"end":{"line":132,"column":38}},"loc":{"start":{"line":132,"column":41},"end":{"line":132,"column":72}}},"13":{"name":"(anonymous_22)","decl":{"start":{"line":137,"column":30},"end":{"line":137,"column":31}},"loc":{"start":{"line":137,"column":40},"end":{"line":137,"column":74}}},"14":{"name":"(anonymous_23)","decl":{"start":{"line":147,"column":23},"end":{"line":147,"column":26}},"loc":{"start":{"line":147,"column":29},"end":{"line":147,"column":61}}},"15":{"name":"(anonymous_24)","decl":{"start":{"line":161,"column":21},"end":{"line":161,"column":24}},"loc":{"start":{"line":161,"column":27},"end":{"line":161,"column":63}}}},"branchMap":{"0":{"loc":{"start":{"line":43,"column":4},"end":{"line":54,"column":5}},"type":"switch","locations":[{"start":{"line":44,"column":6},"end":{"line":46,"column":14}},{"start":{"line":47,"column":6},"end":{"line":49,"column":14}},{"start":{"line":50,"column":6},"end":{"line":50,"column":16}},{"start":{"line":51,"column":6},"end":{"line":53,"column":14}}]},"1":{"loc":{"start":{"line":45,"column":8},"end":{"line":45,"column":66}},"type":"if","locations":[{"start":{"line":45,"column":8},"end":{"line":45,"column":66}}]},"2":{"loc":{"start":{"line":48,"column":8},"end":{"line":48,"column":66}},"type":"if","locations":[{"start":{"line":48,"column":8},"end":{"line":48,"column":66}}]},"3":{"loc":{"start":{"line":62,"column":37},"end":{"line":62,"column":70}},"type":"binary-expr","locations":[{"start":{"line":62,"column":37},"end":{"line":62,"column":48}},{"start":{"line":62,"column":52},"end":{"line":62,"column":70}}]},"4":{"loc":{"start":{"line":64,"column":39},"end":{"line":64,"column":76}},"type":"binary-expr","locations":[{"start":{"line":64,"column":39},"end":{"line":64,"column":50}},{"start":{"line":64,"column":54},"end":{"line":64,"column":76}}]},"5":{"loc":{"start":{"line":68,"column":49},"end":{"line":68,"column":86}},"type":"binary-expr","locations":[{"start":{"line":68,"column":49},"end":{"line":68,"column":60}},{"start":{"line":68,"column":64},"end":{"line":68,"column":86}}]},"6":{"loc":{"start":{"line":70,"column":44},"end":{"line":70,"column":82}},"type":"binary-expr","locations":[{"start":{"line":70,"column":44},"end":{"line":70,"column":55}},{"start":{"line":70,"column":59},"end":{"line":70,"column":82}}]},"7":{"loc":{"start":{"line":75,"column":9},"end":{"line":78,"column":null}},"type":"binary-expr","locations":[{"start":{"line":75,"column":9},"end":{"line":75,"column":20}},{"start":{"line":76,"column":10},"end":{"line":77,"column":null}}]},"8":{"loc":{"start":{"line":86,"column":14},"end":{"line":86,"column":66}},"type":"binary-expr","locations":[{"start":{"line":86,"column":14},"end":{"line":86,"column":41}},{"start":{"line":86,"column":45},"end":{"line":86,"column":66}}]},"9":{"loc":{"start":{"line":93,"column":16},"end":{"line":93,"column":72}},"type":"binary-expr","locations":[{"start":{"line":93,"column":16},"end":{"line":93,"column":43}},{"start":{"line":93,"column":47},"end":{"line":93,"column":72}}]},"10":{"loc":{"start":{"line":102,"column":14},"end":{"line":102,"column":63}},"type":"binary-expr","locations":[{"start":{"line":102,"column":14},"end":{"line":102,"column":38}},{"start":{"line":102,"column":42},"end":{"line":102,"column":63}}]},"11":{"loc":{"start":{"line":109,"column":16},"end":{"line":109,"column":69}},"type":"binary-expr","locations":[{"start":{"line":109,"column":16},"end":{"line":109,"column":40}},{"start":{"line":109,"column":44},"end":{"line":109,"column":69}}]},"12":{"loc":{"start":{"line":126,"column":13},"end":{"line":138,"column":null}},"type":"cond-expr","locations":[{"start":{"line":127,"column":14},"end":{"line":133,"column":null}},{"start":{"line":136,"column":14},"end":{"line":137,"column":null}}]},"13":{"loc":{"start":{"line":144,"column":9},"end":{"line":149,"column":null}},"type":"binary-expr","locations":[{"start":{"line":144,"column":9},"end":{"line":144,"column":24}},{"start":{"line":144,"column":28},"end":{"line":144,"column":55}},{"start":{"line":145,"column":10},"end":{"line":148,"column":null}}]},"14":{"loc":{"start":{"line":155,"column":13},"end":{"line":157,"column":39}},"type":"cond-expr","locations":[{"start":{"line":156,"column":16},"end":{"line":156,"column":47}},{"start":{"line":157,"column":16},"end":{"line":157,"column":39}}]},"15":{"loc":{"start":{"line":164,"column":15},"end":{"line":164,"column":48}},"type":"cond-expr","locations":[{"start":{"line":164,"column":33},"end":{"line":164,"column":39}},{"start":{"line":164,"column":42},"end":{"line":164,"column":48}}]}},"s":{"0":0,"1":0,"2":0,"3":0,"4":0,"5":0,"6":0,"7":0,"8":0,"9":0,"10":0,"11":0,"12":0,"13":0,"14":0,"15":0,"16":0,"17":0,"18":0,"19":0,"20":0,"21":0,"22":0,"23":0,"24":0,"25":0,"26":0,"27":0,"28":0,"29":0,"30":0,"31":0,"32":0,"33":0,"34":0,"35":0,"36":0,"37":0,"38":0,"39":0,"40":0,"41":0,"42":0,"43":0,"44":0,"45":0},"f":{"0":0,"1":0,"2":0,"3":0,"4":0,"5":0,"6":0,"7":0,"8":0,"9":0,"10":0,"11":0,"12":0,"13":0,"14":0,"15":0},"b":{"0":[0,0,0,0],"1":[0],"2":[0],"3":[0,0],"4":[0,0],"5":[0,0],"6":[0,0],"7":[0,0],"8":[0,0],"9":[0,0],"10":[0,0],"11":[0,0],"12":[0,0],"13":[0,0,0],"14":[0,0],"15":[0,0]}}
,"C:\\Users\\enesi\\Desktop\\NScyberLab\\components\\game-3d\\index.ts": {"path":"C:\\Users\\enesi\\Desktop\\NScyberLab\\components\\game-3d\\index.ts","statementMap":{"0":{"start":{"line":1,"column":0},"end":{"line":1,"column":9}},"1":{"start":{"line":1,"column":9},"end":{"line":1,"column":46}},"2":{"start":{"line":2,"column":0},"end":{"line":2,"column":24}},"3":{"start":{"line":3,"column":0},"end":{"line":3,"column":25}},"4":{"start":{"line":4,"column":0},"end":{"line":4,"column":27}}},"fnMap":{"0":{"name":"(anonymous_4)","decl":{"start":{"line":1,"column":9},"end":{"line":1,"column":21}},"loc":{"start":{"line":1,"column":9},"end":{"line":1,"column":46}}}},"branchMap":{},"s":{"0":0,"1":0,"2":0,"3":0,"4":0},"f":{"0":0},"b":{}}
,"C:\\Users\\enesi\\Desktop\\NScyberLab\\components\\game-3d\\controls\\SwipeControls.tsx": {"path":"C:\\Users\\enesi\\Desktop\\NScyberLab\\components\\game-3d\\controls\\SwipeControls.tsx","statementMap":{"0":{"start":{"line":1,"column":0},"end":{"line":1,"column":49}},"1":{"start":{"line":2,"column":0},"end":{"line":2,"column":97}},"2":{"start":{"line":5,"column":55},"end":{"line":5,"column":79}},"3":{"start":{"line":18,"column":24},"end":{"line":18,"column":26}},"4":{"start":{"line":20,"column":59},"end":{"line":92,"column":1}},"5":{"start":{"line":30,"column":20},"end":{"line":30,"column":29}},"6":{"start":{"line":31,"column":20},"end":{"line":31,"column":29}},"7":{"start":{"line":32,"column":19},"end":{"line":32,"column":28}},"8":{"start":{"line":33,"column":19},"end":{"line":33,"column":28}},"9":{"start":{"line":35,"column":23},"end":{"line":85,"column":4}},"10":{"start":{"line":36,"column":40},"end":{"line":36,"column":47}},"11":{"start":{"line":37,"column":39},"end":{"line":37,"column":46}},"12":{"start":{"line":39,"column":6},"end":{"line":39,"column":54}},"13":{"start":{"line":40,"column":6},"end":{"line":40,"column":54}},"14":{"start":{"line":41,"column":6},"end":{"line":41,"column":53}},"15":{"start":{"line":42,"column":6},"end":{"line":42,"column":53}},"16":{"start":{"line":45,"column":6},"end":{"line":45,"column":27}},"17":{"start":{"line":45,"column":20},"end":{"line":45,"column":27}},"18":{"start":{"line":47,"column":21},"end":{"line":47,"column":67}},"19":{"start":{"line":48,"column":21},"end":{"line":48,"column":67}},"20":{"start":{"line":50,"column":6},"end":{"line":50,"column":53}},"21":{"start":{"line":51,"column":6},"end":{"line":51,"column":53}},"22":{"start":{"line":54,"column":6},"end":{"line":56,"column":7}},"23":{"start":{"line":55,"column":8},"end":{"line":55,"column":33}},"24":{"start":{"line":59,"column":6},"end":{"line":59,"column":27}},"25":{"start":{"line":59,"column":20},"end":{"line":59,"column":27}},"26":{"start":{"line":61,"column":21},"end":{"line":61,"column":68}},"27":{"start":{"line":62,"column":21},"end":{"line":62,"column":68}},"28":{"start":{"line":65,"column":6},"end":{"line":83,"column":7}},"29":{"start":{"line":67,"column":8},"end":{"line":73,"column":9}},"30":{"start":{"line":68,"column":10},"end":{"line":72,"column":11}},"31":{"start":{"line":69,"column":12},"end":{"line":69,"column":29}},"32":{"start":{"line":71,"column":12},"end":{"line":71,"column":28}},"33":{"start":{"line":76,"column":8},"end":{"line":82,"column":9}},"34":{"start":{"line":77,"column":10},"end":{"line":81,"column":11}},"35":{"start":{"line":78,"column":12},"end":{"line":78,"column":28}},"36":{"start":{"line":80,"column":12},"end":{"line":80,"column":26}},"37":{"start":{"line":87,"column":2},"end":{"line":91,"column":4}},"38":{"start":{"line":20,"column":13},"end":{"line":20,"column":59}},"39":{"start":{"line":95,"column":31},"end":{"line":129,"column":1}},"40":{"start":{"line":96,"column":29},"end":{"line":
[...]
":107}},"2":{"start":{"line":3,"column":0},"end":{"line":3,"column":40}},"3":{"start":{"line":4,"column":0},"end":{"line":4,"column":79}},"4":{"start":{"line":5,"column":0},"end":{"line":5,"column":46}},"5":{"start":{"line":6,"column":0},"end":{"line":6,"column":55}},"6":{"start":{"line":7,"column":0},"end":{"line":7,"column":53}},"7":{"start":{"line":8,"column":0},"end":{"line":8,"column":56}},"8":{"start":{"line":9,"column":0},"end":{"line":9,"column":52}},"9":{"start":{"line":10,"column":0},"end":{"line":10,"column":60}},"10":{"start":{"line":11,"column":0},"end":{"line":11,"column":44}},"11":{"start":{"line":12,"column":0},"end":{"line":12,"column":58}},"12":{"start":{"line":13,"column":0},"end":{"line":13,"column":67}},"13":{"start":{"line":14,"column":0},"end":{"line":14,"column":42}},"14":{"start":{"line":16,"column":55},"end":{"line":16,"column":79}},"15":{"start":{"line":19,"column":28},"end":{"line":36,"column":1}},"16":{"start":{"line":20,"column":20},"end":{"line":20,"column":48}},"17":{"start":{"line":22,"column":2},"end":{"line":35,"column":4}},"18":{"start":{"line":25,"column":8},"end":{"line":31,"column":null}},"19":{"start":{"line":43,"column":60},"end":{"line":58,"column":1}},"20":{"start":{"line":44,"column":17},"end":{"line":44,"column":50}},"21":{"start":{"line":44,"column":41},"end":{"line":44,"column":49}},"22":{"start":{"line":46,"column":2},"end":{"line":57,"column":4}},"23":{"start":{"line":65,"column":5},"end":{"line":80,"column":1}},"24":{"start":{"line":66,"column":18},"end":{"line":66,"column":95}},"25":{"start":{"line":68,"column":2},"end":{"line":79,"column":4}},"26":{"start":{"line":83,"column":59},"end":{"line":135,"column":1}},"27":{"start":{"line":84,"column":34},"end":{"line":84,"column":56}},"28":{"start":{"line":85,"column":34},"end":{"line":85,"column":45}},"29":{"start":{"line":87,"column":23},"end":{"line":96,"column":4}},"30":{"start":{"line":98,"column":2},"end":{"line":117,"column":9}},"31":{"start":{"line":99,"column":39},"end":{"line":99,"column":41}},"32":{"start":{"line":101,"column":4},"end":{"line":112,"column":7}},"33":{"start":{"line":102,"column":22},"end":{"line":110,"column":21}},"34":{"start":{"line":103,"column":8},"end":{"line":103,"column":46}},"35":{"start":{"line":103,"column":30},"end":{"line":103,"column":44}},"36":{"start":{"line":104,"column":8},"end":{"line":104,"column":63}},"37":{"start":{"line":106,"column":8},"end":{"line":109,"column":9}},"38":{"start":{"line":107,"column":34},"end":{"line":107,"column":61}},"39":{"start":{"line":108,"column":10},"end":{"line":108,"column":41}},"40":{"start":{"line":111,"column":6},"end":{"line":111,"column":29}},"41":{"start":{"line":114,"column":4},"end":{"line":116,"column":6}},"42":{"start":{"line":115,"column":6},"end":{"line":115,"column":37}},"43":{"start":{"line":119,"column":2},"end":{"line":134,"column":4}},"44":{"start":{"line":123,"column":10},"end":{"line":123,"column":60}},"45":{"start":{"line":138,"column":40},"end":{"line":401,"column":1}},"46":{"start":{"line":139,"column":17},"end":{"line":139,"column":28}},"47":{"start":{"line":159,"column":6},"end":{"line":159,"column":24}},"48":{"start":{"line":160,"column":44},"end":{"line":160,"column":58}},"49":{"start":{"line":161,"column":42},"end":{"line":161,"column":57}},"50":{"start":{"line":162,"column":24},"end":{"line":162,"column":54}},"51":{"start":{"line":163,"column":17},"end":{"line":163,"column":36}},"52":{"start":{"line":166,"column":2},"end":{"line":169,"column":9}},"53":{"start":{"line":167,"column":21},"end":{"line":167,"column":72}},"54":{"start":{"line":167,"column":39},"end":{"line":167,"column":66}},"55":{"start":{"line":167,"column":63},"end":{"line":167,"column":65}},"56":{"start":{"line":168,"column":4},"end":{"line":168,"column":41}},"57":{"start":{"line":168,"column":17},"end":{"line":168,"column":40}},"58":{"start":{"line":172,"column":2},"end":{"line":178,"column":23}},"59":{"start":{"line":173,"column":4},"end":{"line":177,"column":5}},"60":{"start":{"line":174,"column":6},"end":{"line":176,"column":14}},"61":{"start":{"line":175,"column":8},"end":{"line":175,"column":64}},"62":{"start":{"line":180,"column":25},"end":{"line":258,"column":3}},"63":{"start":{"line":181,"column":16},"end":{"line":181,"column":41}},"64":{"start":{"line":182,"column":22},"end":{"line":182,"column":60}},"65":{"start":{"line":184,"column":4},"end":{"line":257,"column":5}},"66":{"start":{"line":186,"column":8},"end":{"line":186,"column":97}},"67":{"start":{"line":187,"column":8},"end":{"line":187,"column":32}},"68":{"start":{"line":188,"column":8},"end":{"line":188,"column":14}},"69":{"start":{"line":190,"column":8},"end":{"line":190,"column":105}},"70":{"start":{"line":191,"column":8},"end":{"line":191,"column":14}},"71":{"start":{"line":194,"column":8},"end":{"line":194,"column":81}},"72":{"start":{"line":195,"column":8},"end":{"line":195,"column":32}},"73":{"start":{"line":196,"column":8},"end":{"line":196,"column":14}},"74":{"start":{"line":198,"column":8},"end":{"line":198,"column":134}},"75":{"start":{"line":199,"column":8},"end":{"line":199,"column":14}},"76":{"start":{"line":201,"column":8},"end":{"line":201,"column":119}},"77":{"start":{"line":202,"column":8},"end":{"line":202,"column":30}},"78":{"start":{"line":203,"column":8},"end":{"line":203,"column":14}},"79":{"start":{"line":206,"column":8},"end":{"line":206,"column":95}},"80":{"start":{"line":207,"column":8},"end":{"line":207,"column":35}},"81":{"start":{"line":208,"column":8},"end":{"line":208,"column":14}},"82":{"start":{"line":210,"column":8},"end":{"line":210,"column":90}},"83":{"start":{"line":211,"column":8},"end":{"line":211,"column":36}},"84":{"start":{"line":212,"column":8},"end":{"line":212,"column":14}},"85":{"start":{"line":214,"column":8},"end":{"line":225,"column":10}},"86":{"start":{"line":226,"column":8},"end":{"line":226,"column":14}},"87":{"start":{"line":228,"column":8},"end":{"line":228,"column":23}},"88":{"start":{"line":229,"column":8},"end":{"line":229,"column":14}},"89":{"start":{"line":231,"column":8},"end":{"line":237,"column":10}},"90":{"start":{"line":238,"column":8},"end":{"line":238,"column":14}},"91":{"start":{"line":241,"column":8},"end":{"line":256,"column":9}},"92":{"start":{"line":242,"column":29},"end":{"line":242,"column":53}},"93":{"start":{"line":243,"column":10},"end":{"line":253,"column":11}},"94":{"start":{"line":244,"column":27},"end":{"line":244,"column":47}},"95":{"start":{"line":245,"column":26},"end":{"line":245,"column":77}},"96":{"start":{"line":246,"column":12},"end":{"line":250,"column":14}},"97":{"start":{"line":252,"column":12},"end":{"line":252,"column":114}},"98":{"start":{"line":254,"column":15},"end":{"line":256,"column":9}},"99":{"start":{"line":255,"column":10},"end":{"line":255,"column":95}},"100":{"start":{"line":260,"column":23},"end":{"line":264,"column":3}},"101":{"start":{"line":261,"column":4},"end":{"line":263,"column":5}},"102":{"start":{"line":262,"column":6},"end":{"line":262,"column":35}},"103":{"start":{"line":266,"column":26},"end":{"line":269,"column":3}},"104":{"start":{"line":267,"column":16},"end":{"line":267,"column":33}},"105":{"start":{"line":268,"column":4},"end":{"line":268,"column":38}},"106":{"start":{"line":271,"column":2},"end":{"line":280,"column":3}},"107":{"start":{"line":272,"column":4},"end":{"line":279,"column":6}},"108":{"start":{"line":276,"column":42},"end":{"line":276,"column":59}},"109":{"start":{"line":283,"column":2},"end":{"line":304,"column":3}},"110":{"start":{"line":284,"column":4},"end":{"line":303,"column":6}},"111":{"start":{"line":292,"column":29},"end":{"line":292,"column":56}},"112":{"start":{"line":307,"column":2},"end":{"line":314,"column":3}},"113":{"start":{"line":308,"column":4},"end":{"line":313,"column":6}},"114":{"start":{"line":311,"column":39},"end":{"line":311,"column":66}},"115":{"start":{"line":317,"column":2},"end":{"line":326,"column":3}},"116":{"start":{"line":318,"column":4},"end":{"line":325,"column":6}},"117":{"start":{"line":322,"column":45},"end":{"line":322,"column":72}},"118":{"start":{"line":329,"column":2},"end":{"line":336,"column":3}},"119":{"start":{"line":330,"column":4},"end":{"line":335,"column":6}},"120":{"start":{"line":333,"column":36},"end":{"line":333,"column":63}},"121":{"start":{"line":338,"column":2},"end":{"line":400,"column":4}},"122":{"start":{"line":352,"column":12},"end":{"line":356,"column":null}},"123":{"start":{"line":138,"column":13},"end":{"line":138,"column":40}},"124":{"start":{"line":403,"column":15},"end":{"line":586,"column":2}}},"fnMap":{"0":{"name":"(anonymous_9)","decl":{"start":{"line":19,"column":28},"end":{"line":19,"column":31}},"loc":{"start":{"line":19,"column":33},"end":{"line":36,"column":1}}},"1":{"name":"(anonymous_10)","decl":{"start":{"line":24,"column":45},"end":{"line":24,"column":46}},"loc":{"start":{"line":25,"column":8},"end":{"line":31,"column":null}}},"2":{"name":"(anonymous_11)","decl":{"start":{"line":43,"column":60},"end":{"line":43,"column":61}},"loc":{"start":{"line":43,"column":79},"end":{"line":58,"column":1}}},"3":{"name":"(anonymous_12)","decl":{"start":{"line":44,"column":34},"end":{"line":44,"column":35}},"loc":{"start":{"line":44,"column":41},"end":{"line":44,"column":49}}},"4":{"name":"(anonymous_13)","decl":{"start":{"line":65,"column":5},"end":{"line":65,"column":6}},"loc":{"start":{"line":65,"column":40},"end":{"line":80,"column":1}}},"5":{"name":"(anonymous_14)","decl":{"start":{"line":83,"column":59},"end":{"line":83,"column":60}},"loc":{"start":{"line":83,"column":78},"end":{"line":135,"column":1}}},"6":{"name":"(anonymous_15)","decl":{"start":{"line":98,"column":12},"end":{"line":98,"column":15}},"loc":{"start":{"line":98,"column":17},"end":{"line":117,"column":3}}},"7":{"name":"(anonymous_16)","decl":{"start":{"line":101,"column":25},"end":{"line":101,"column":26}},"loc":{"start":{"line":101,"column":40},"end":{"line":112,"column":5}}},"8":{"name":"(anonymous_17)","decl":{"start":{"line":102,"column":33},"end":{"line":102,"column":36}},"loc":{"start":{"line":102,"column":38},"end":{"line":110,"column":7}}},"9":{"name":"(anonymous_18)","decl":{"start":{"line":103,"column":20},"end":{"line":103,"column":21}},"loc":{"start":{"line":103,"column":30},"end":{"line":103,"column":44}}},"10":{"name":"(anonymous_19)","decl":{"start":{"line":114,"column":11},"end":{"line":114,"column":14}},"loc":{"start":{"line":114,"column":16},"end":{"line":116,"column":5}}},"11":{"name":"(anonymous_20)","decl":{"start":{"line":122,"column":22},"end":{"line":122,"column":23}},"loc":{"start":{"line":123,"column":10},"end":{"line":123,"column":60}}},"12":{"name":"(anonymous_21)","decl":{"start":{"line":138,"column":40},"end":{"line":138,"column":43}},"loc":{"start":{"line":138,"column":45},"end":{"line":401,"column":1}}},"13":{"name":"(anonymous_22)","decl":{"start":{"line":166,"column":12},"end":{"line":166,"column":15}},"loc":{"start":{"line":166,"column":17},"end":{"line":169,"column":3}}},"14":{"name":"(anonymous_23)","decl":{"start":{"line":167,"column":33},"end":{"line":167,"column":36}},"loc":{"start":{"line":167,"column":39},"end":{"line":167,"column":66}}},"15":{"name":"(anonymous_24)","decl":{"start":{"line":167,"column":56},"end":{"line":167,"column":57}},"loc":{"start":{"line":167,"column":63},"end":{"line":167,"column":65}}},"16":{"name":"(anonymous_25)","decl":{"start":{"line":168,"column":11},"end":{"line":168,"column":14}},"loc":{"start":{"line":168,"column":17},"end":{"line":168,"column":40}}},"17":{"name":"(anonymous_26)","decl":{"start":{"line":172,"column":12},"end":{"line":172,"column":15}},"loc":{"start":{"line":172,"column":17},"end":{"line":178,"column":3}}},"18":{"name":"(anonymous_27)","decl":{"start":{"line":174,"column":17},"end":{"line":174,"column":20}},"loc":{"start":{"line":174,"column":22},"end":{"line":176,"column":7}}},"19":{"name":"(anonymous_28)","decl":{"start":{"line":180,"column":25},"end":{"line":180,"column":26}},"loc":{"start":{"line":180,"column":42},"end":{"line":258,"column":3}}},"20":{"name":"(anonymous_29)","decl":{"start":{"line":260,"column":23},"end":{"line":260,"column":26}},"loc":{"start":{"line":260,"column":28},"end":{"line":264,"column":3}}},"21":{"name":"(anonymous_30)","decl":{"start":{"line":266,"column":26},"end":{"line":266,"column":29}},"loc":{"start":{"line":266,"column":31},"end":{"line":269,"column":3}}},"22":{"name":"(anonymous_31)","decl":{"start":{"line":276,"column":36},"end":{"line":276,"column":39}},"loc":{"start":{"line":276,"column":42},"end":{"line":276,"column":59}}},"23":{"name":"(anonymous_32)","decl":{"start":{"line":292,"column":23},"end":{"line":292,"column":26}},"loc":{"start":{"line":292,"column":29},"end":{"line":292,"column":56}}},"24":{"name":"(anonymous_33)","decl":{"start":{"line":311,"column":33},"end":{"line":311,"column":36}},"loc":{"start":{"line":311,"column":39},"end":{"line":311,"column":66}}},"25":{"name":"(anonymous_34)","decl":{"start":{"line":322,"column":39},"end":{"line":322,"column":42}},"loc":{"start":{"line":322,"column":45},"end":{"line":322,"column":72}}},"26":{"name":"(anonymous_35)","decl":{"start":{"line":333,"column":30},"end":{"line":333,"column":33}},"loc":{"start":{"line":333,"column":36},"end":{"line":333,"column":63}}},"27":{"name":"(anonymous_36)","decl":{"start":{"line":351,"column":30},"end":{"line":351,"column":31}},"loc":{"start":{"line":352,"column":12},"end":{"line":356,"column":null}}}},"branchMap":{"0":{"loc":{"start":{"line":66,"column":18},"end":{"line":66,"column":95}},"type":"cond-expr","locations":[{"start":{"line":66,"column":46},"end":{"line":66,"column":83}},{"start":{"line":66,"column":86},"end":{"line":66,"column":95}}]},"1":{"loc":{"start":{"line":74,"column":7},"end":{"line":75,"column":null}},"type":"binary-expr","locations":[{"start":{"line":74,"column":7},"end":{"line":74,"column":13}},{"start":{"line":75,"column":8},"end":{"line":75,"column":55}}]},"2":{"loc":{"start":{"line":106,"column":8},"end":{"line":109,"column":9}},"type":"if","locations":[{"start":{"line":106,"column":8},"end":{"line":109,"column":9}}]},"3":{"loc":{"start":{"line":173,"column":4},"end":{"line":177,"column":5}},"type":"if","locations":[{"start":{"line":173,"column":4},"end":{"line":177,"column":5}}]},"4":{"loc":{"start":{"line":173,"column":8},"end":{"line":173,"column":58}},"type":"binary-expr","locations":[{"start":{"line":173,"column":8},"end":{"line":173,"column":29}},{"start":{"line":173,"column":33},"end":{"line":173,"column":58}}]},"5":{"loc":{"start":{"line":184,"column":4},"end":{"line":257,"column":5}},"type":"switch","locations":[{"start":{"line":185,"column":6},"end":{"line":188,"column":14}},{"start":{"line":189,"column":6},"end":{"line":191,"column":14}},{"start":{"line":192,"column":6},"end":{"line":192,"column":17}},{"start":{"line":193,"column":6},"end":{"line":196,"column":14}},{"start":{"line":197,"column":6},"end":{"line":199,"column":14}},{"start":{"line":200,"column":6},"end":{"line":203,"column":14}},{"start":{"line":204,"column":6},"end":{"line":204,"column":18}},{"start":{"line":205,"column":6},"end":{"line":208,"column":14}},{"start":{"line":209,"column":6},"end":{"line":212,"column":14}},{"start":{"line":213,"column":6},"end":{"line":226,"column":14}},{"start":{"line":227,"column":6},"end":{"line":229,"column":14}},{"start":{"line":230,"column":6},"end":{"line":238,"column":14}},{"start":{"line":239,"column":6},"end":{"line":256,"column":9}}]},"6":{"loc":{"start":{"line":241,"column":8},"end":{"line":256,"column":9}},"type":"if","locations":[{"start":{"line":241,"column":8},"end":{"line":256,"column":9}},{"start":{"line":254,"column":15},"end":{"line":256,"column":9}}]},"7":{"loc":{"start":{"line":254,"column":15},"end":{"line":256,"column":9}},"type":"if","locations":[{"start":{"line":254,"column":15},"end":{"line":256,"column":9}}]},"8":{"loc":{"start":{"line":261,"column":4},"end":{"line":263,"column":5}},"type":"if","locations":[{"start":{"line":261,"column":4},"end":{"line":263,"column":5}}]},"9":{"loc":{"start":{"line":271,"column":2},"end":{"line":280,"column":3}},"type":"if","locations":[{"start":{"line":271,"column":2},"end":{"line":280,"column":3}}]},"10":{"loc":{"start":{"line":283,"column":2},"end":{"line":304,"column":3}},"type":"if","locations":[{"start":{"line":283,"column":2},"end":{"line":304,"column":3}}]},"11":{"loc":{"start":{"line":307,"column":2},"end":{"line":314,"column":3}},"type":"if","locations":[{"start":{"line":307,"column":2},"end":{"line":314,"column":3}}]},"12":{"loc":{"start":{"line":317,"column":2},"end":{"line":326,"column":3}},"type":"if","locations":[{"start":{"line":317,"column":2},"end":{"line":326,"column":3}}]},"13":{"loc":{"start":{"line":329,"column":2},"end":{"line":336,"column":3}},"type":"if","locations":[{"start":{"line":329,"column":2},"end":{"line":336,"column":3}}]},"14":{"loc":{"start":{"line":374,"column":50},"end":{"line":374,"column":71}},"type":"cond-expr","locations":[{"start":{"line":374,"column":66},"end":{"line":374,"column":67}},{"start":{"line":374,"column":70},"end":{"line":374,"column":71}}]},"15":{"loc":{"start":{"line":380,"column":45},"end":{"line":380,"column":76}},"type":"cond-expr","locations":[{"start":{"line":380,"column":67},"end":{"line":380,"column":70}},{"start":{"line":380,"column":73},"end":{"line":380,"column":76}}]}},"s":{"0":0,"1":0,"2":0,"3":0,"4":0,"5":0,"6":0,"7":0,"8":0,"9":0,"10":0,"11":0,"12":0,"13":0,"14":0,"15":0,"16":0,"17":0,"18":0,"19":0,"20":0,"21":0,"22":0,"23":0,"24":0,"25":0,"26":0,"27":0,"28":0,"29":0,"30":0,"31":0,"32":0,"33":0,"34":0,"35":0,"36":0,"37":0,"38":0,"39":0,"40":0,"41":0,"42":0,"43":0,"44":0,"45":0,"46":0,"47":0,"48":0,"49":0,"50":0,"51":0,"52":0,"53":0,"54":0,"55":0,"56":0,"57":0,"58":0,"59":0,"60":0,"61":0,"62":0,"63":0,"64":0,"65":0,"66":0,"67":0,"68":0,"69":0,"70":0,"71":0,"72":0,"73":0,"74":0,"75":0,"76":0,"77":0,"78":0,"79":0,"80":0,"81":0,"82":0,"83":0,"84":0,"85":0,"86":0,"87":0,"88":0,"89":0,"90":0,"91":0,"92":0,"93":0,"94":0,"95":0,"96":0,"97":0,"98":0,"99":0,"100":0,"101":0,"102":0,"103":0,"104":0,"105":0,"106":0,"107":0,"108":0,"109":0,"110":0,"111":0,"112":0,"113":0,"114":0,"115":0,"116":0,"117":0,"118":0,"119":0,"120":0,"121":0,"122":0,"123":0,"124":0},"f":{"0":0,"1":0,"2":0,"3":0,"4":0,"5":0,"6":0,"7":0,"8":0,"9":0,"10":0,"11":0,"12":0,"13":0,"14":0,"15":0,"16":0,"17":0,"18":0,"19":0,"20":0,"21":0,"22":0,"23":0,"24":0,"25":0,"26":0,"27":0},"b":{"0":[0,0],"1":[0,0],"2":[0],"3":[0],"4":[0,0],"5":[0,0,0,0,0,0,0,0,0,0,0,0,0],"6":[0,0],"7":[0],"8":[0],"9":[0],"10":[0],"11":[0],"12":[0],"13":[0],"14":[0,0],"15":[0,0]}}
,"C:\\Users\\enesi\\Desktop\\NScyberLab\\components\\terminal\\index.ts": {"path":"C:\\Users\\enesi\\Desktop\\NScyberLab\\components\\terminal\\index.ts","statementMap":{"0":{"start":{"line":1,"column":0},"end":{"line":1,"column":9}},"1":{"start":{"line":1,"column":9},"end":{"line":1,"column":50}},"2":{"start":{"line":2,"column":0},"end":{"line":2,"column":9}},"3":{"start":{"line":2,"column":9},"end":{"line":2,"column":46}}},"fnMap":{"0":{"name":"(anonymous_0)","decl":{"start":{"line":1,"column":9},"end":{"line":1,"column":23}},"loc":{"start":{"line":1,"column":9},"end":{"line":1,"column":50}}},"1":{"name":"(anonymous_1)","decl":{"start":{"line":2,"column":9},"end":{"line":2,"column":21}},"loc":{"start":{"line":2,"column":9},"end":{"line":2,"column":46}}}},"branchMap":{},"s":{"0":0,"1":0,"2":0,"3":0},"f":{"0":0,"1":0},"b":{}}
,"C:\\Users\\enesi\\Desktop\\NScyberLab\\components\\theme\\index.ts": {"path":"C:\\Users\\enesi\\Desktop\\NScyberLab\\components\\theme\\index.ts","statementMap":{"0":{"start":{"line":1,"column":0},"end":{"line":1,"column":9}},"1":{"start":{"line":1,"column":9},"end":{"line":1,"column":52}}},"fnMap":{"0":{"name":"(anonymous_0)","decl":{"start":{"line":1,"column":9},"end":{"line":1,"column":24}},"loc":{"start":{"line":1,"column":9},"end":{"line":1,"column":52}}}},"branchMap":{},"s":{"0":0,"1":0},"f":{"0":0},"b":{}}
}
