TN:
SF:components\beam\AnimatedBeamDiagram.tsx
FN:20,(anonymous_1)
FN:23,(anonymous_2)
FN:31,(anonymous_3)
FN:140,(anonymous_4)
FN:246,(anonymous_5)
FN:249,(anonymous_6)
FN:254,(anonymous_7)
FN:265,(anonymous_8)
FNF:8
FNH:0
FNDA:0,(anonymous_1)
FNDA:0,(anonymous_2)
FNDA:0,(anonymous_3)
FNDA:0,(anonymous_4)
FNDA:0,(anonymous_5)
FNDA:0,(anonymous_6)
FNDA:0,(anonymous_7)
FNDA:0,(anonymous_8)
DA:1,0
DA:2,0
DA:3,0
DA:4,0
DA:11,0
DA:12,0
DA:13,0
DA:14,0
DA:15,0
DA:16,0
DA:17,0
DA:18,0
DA:20,0
DA:21,0
DA:23,0
DA:26,0
DA:27,0
DA:28,0
DA:31,0
DA:32,0
DA:33,0
DA:35,0
DA:38,0
DA:39,0
DA:40,0
DA:41,0
DA:42,0
DA:44,0
DA:66,0
DA:67,0
DA:68,0
DA:69,0
DA:70,0
DA:72,0
DA:102,0
DA:103,0
DA:104,0
DA:107,0
DA:108,0
DA:109,0
DA:121,0
DA:135,0
DA:140,0
DA:141,0
DA:142,0
DA:144,0
DA:146,0
DA:147,0
DA:148,0
DA:151,0
DA:152,0
DA:153,0
DA:154,0
DA:156,0
DA:174,0
DA:175,0
DA:176,0
DA:177,0
DA:179,0
DA:180,0
DA:181,0
DA:193,0
DA:210,0
DA:211,0
DA:217,0
DA:230,0
DA:234,0
DA:246,0
DA:249,0
DA:255,0
DA:266,0
DA:286,0
DA:334,0
LF:73
LH:0
BRDA:35,0,0,0
BRDA:35,0,1,0
BRDA:35,0,2,0
BRDA:35,0,3,0
BRDA:144,1,0,0
BRDA:144,1,1,0
BRDA:144,1,2,0
BRDA:144,1,3,0
BRDA:174,2,0,0
BRDA:174,2,1,0
BRDA:262,3,0,0
BRDA:262,3,1,0
BRDA:273,4,0,0
BRDA:273,4,1,0
BRDA:273,5,0,0
BRDA:273,5,1,0
BRF:16
BRH:0
end_of_record
TN:
SF:components\beam\BeamEducationScreen.tsx
FN:26,(anonymous_9)
FN:83,(anonymous_10)
FN:147,(anonymous_11)
FN:150,(anonymous_12)
FN:151,(anonymous_13)
FN:167,(anonymous_14)
FN:173,(anonymous_15)
FN:188,(anonymous_16)
FN:234,(anonymous_17)
FN:238,(anonymous_18)
FN:252,(anonymous_19)
FNF:11
FNH:0
FNDA:0,(anonymous_9)
FNDA:0,(anonymous_10)
FNDA:0,(anonymous_11)
FNDA:0,(anonymous_12)
FNDA:0,(anonymous_13)
FNDA:0,(anonymous_14)
FNDA:0,(anonymous_15)
FNDA:0,(anonymous_16)
FNDA:0,(anonymous_17)
FNDA:0,(anonymous_18)
FNDA:0,(anonymous_19)
DA:1,0
DA:2,0
DA:11,0
DA:12,0
DA:13,0
DA:14,0
DA:16,0
DA:17,0
DA:18,0
DA:20,0
DA:26,0
DA:27,0
DA:28,0
DA:29,0
DA:31,0
DA:83,0
DA:89,0
DA:147,0
DA:148,0
DA:150,0
DA:151,0
DA:158,0
DA:168,0
DA:173,0
DA:189,0
DA:234,0
DA:235,0
DA:236,0
DA:238,0
DA:239,0
DA:241,0
DA:243,0
DA:245,0
DA:248,0
DA:252,0
DA:253,0
DA:254,0
DA:256,0
DA:260,0
DA:274,0
DA:595,0
LF:41
LH:0
BRDA:95,0,0,0
BRDA:95,0,1,0
BRDA:96,1,0,0
BRDA:96,1,1,0
BRDA:104,2,0,0
BRDA:104,2,1,0
BRDA:104,3,0,0
BRDA:104,3,1,0
BRDA:107,4,0,0
BRDA:107,4,1,0
BRDA:118,5,0,0
BRDA:118,5,1,0
BRDA:133,6,0,0
BRDA:133,6,1,0
BRDA:134,7,0,0
BRDA:134,7,1,0
BRDA:135,8,0,0
BRDA:135,8,1,0
BRDA:135,8,2,0
BRDA:185,9,0,0
BRDA:185,9,1,0
BRDA:239,10,0,0
BRDA:239,10,1,0
BRDA:239,10,2,0
BRDA:239,10,3,0
BRDA:239,10,4,0
BRDA:253,11,0,0
BRDA:253,11,1,0
BRF:28
BRH:0
end_of_record
TN:
SF:components\beam\FormulaDisplay.tsx
FN:11,(anonymous_1)
FNF:1
FNH:0
FNDA:0,(anonymous_1)
DA:1,0
DA:2,0
DA:3,0
DA:4,0
DA:11,0
DA:15,0
DA:26,0
DA:39,0
LF:8
LH:0
BRDA:13,0,0,0
BRF:1
BRH:0
end_of_record
TN:
SF:components\beam\LessonPlayer.tsx
FN:271,(anonymous_9)
FN:277,(anonymous_10)
FN:339,(anonymous_11)
FN:343,(anonymous_12)
FN:348,(anonymous_13)
FN:400,(anonymous_14)
FN:415,(anonymous_15)
FN:454,(anonymous_16)
FN:465,(anonymous_17)
FN:482,(anonymous_18)
FN:491,(anonymous_19)
FNF:11
FNH:11
FNDA:18,(anonymous_9)
FNDA:28,(anonymous_10)
FNDA:44,(anonymous_11)
FNDA:7,(anonymous_12)
FNDA:4,(anonymous_13)
FNDA:45,(anonymous_14)
FNDA:7,(anonymous_15)
FNDA:39,(anonymous_16)
FNDA:39,(anonymous_17)
FNDA:2,(anonymous_18)
FNDA:4,(anonymous_19)
DA:1,1
DA:2,1
DA:9,1
DA:10,1
DA:11,1
DA:13,1
DA:15,1
DA:16,1
DA:18,1
DA:271,1
DA:273,18
DA:275,18
DA:278,28
DA:279,1
DA:285,27
DA:286,1
DA:292,26
DA:293,2
DA:300,24
DA:301,2
DA:308,22
DA:309,0
DA:310,0
DA:314,22
DA:315,1
DA:317,21
DA:318,4
DA:320,17
DA:339,1
DA:340,44
DA:341,44
DA:343,44
DA:344,7
DA:345,7
DA:348,7
DA:349,4
DA:353,44
DA:355,14
DA:362,4
DA:376,5
DA:388,20
DA:389,20
DA:391,19
DA:401,45
DA:402,45
DA:403,45
DA:405,45
DA:415,7
DA:442,1
DA:454,1
DA:463,39
DA:465,39
DA:466,39
DA:467,38
DA:470,39
DA:471,2
DA:478,37
DA:479,37
DA:480,37
DA:482,37
DA:483,2
DA:484,1
DA:485,1
DA:487,1
DA:491,37
DA:492,4
DA:493,3
DA:494,3
DA:498,37
DA:540,1
LF:70
LH:68
BRDA:273,0,0,18
BRDA:273,0,1,1
BRDA:278,1,0,1
BRDA:285,2,0,1
BRDA:292,3,0,2
BRDA:300,4,0,2
BRDA:308,5,0,0
BRDA:308,6,0,22
BRDA:308,6,1,1
BRDA:314,7,0,1
BRDA:317,8,0,4
BRDA:353,9,0,14
BRDA:353,9,1,4
BRDA:353,9,2,5
BRDA:353,9,3,20
BRDA:353,9,4,1
BRDA:357,10,0,14
BRDA:357,10,1,2
BRDA:357,10,2,1
BRDA:364,11,0,4
BRDA:364,11,1,3
BRDA:367,12,0,4
BRDA:367,12,1,4
BRDA:378,13,0,5
BRDA:378,13,1,5
BRDA:381,14,0,5
BRDA:381,14,1,4
BRDA:389,15,0,1
BRDA:396,16,0,19
BRDA:396,16,1,1
BRDA:398,17,0,19
BRDA:398,17,1,19
BRDA:402,18,0,45
BRDA:402,18,1,17
BRDA:403,19,0,45
BRDA:403,19,1,17
BRDA:403,19,2,7
BRDA:411,20,0,45
BRDA:411,20,1,7
BRDA:412,21,0,45
BRDA:412,21,1,7
BRDA:413,22,0,45
BRDA:413,22,1,2
BRDA:415,23,0,7
BRDA:415,23,1,7
BRDA:421,24,0,45
BRDA:421,24,1,2
BRDA:430,25,0,19
BRDA:430,25,1,7
BRDA:430,25,2,5
BRDA:466,26,0,1
BRDA:470,27,0,2
BRDA:483,28,0,1
BRDA:483,28,1,1
BRDA:492,29,0,3
BRDA:493,30,0,3
BRDA:493,30,1,1
BRDA:504,31,0,37
BRDA:504,31,1,0
BRDA:518,32,0,37
BRDA:518,32,1,22
BRDA:522,33,0,37
BRDA:522,33,1,22
BRDA:532,34,0,21
BRDA:532,34,1,16
BRF:65
BRH:63
end_of_record
TN:
SF:components\beam\QuizScreen.tsx
FN:26,(anonymous_9)
FN:39,(anonymous_10)
FN:45,(anonymous_11)
FN:46,(anonymous_12)
FN:49,(anonymous_13)
FN:53,(anonymous_14)
FN:61,(anonymous_15)
FN:71,(anonymous_16)
FN:76,(anonymous_17)
FN:82,(anonymous_18)
FN:90,(anonymous_19)
FN:122,(anonymous_20)
FN:137,(anonymous_21)
FN:200,(anonymous_22)
FN:215,(anonymous_23)
FN:247,(anonymous_24)
FN:260,(anonymous_25)
FN:264,(anonymous_26)
FN:270,(anonymous_27)
FN:271,(anonymous_28)
FN:287,(anonymous_29)
FN:293,(anonymous_30)
FNF:22
FNH:22
FNDA:38,(anonymous_9)
FNDA:26,(anonymous_10)
FNDA:8,(anonymous_11)
FNDA:8,(anonymous_12)
FNDA:26,(anonymous_13)
FNDA:18,(anonymous_14)
FNDA:10,(anonymous_15)
FNDA:8,(anonymous_16)
FNDA:6,(anonymous_17)
FNDA:2,(anonymous_18)
FNDA:2,(anonymous_19)
FNDA:44,(anonymous_20)
FNDA:6,(anonymous_21)
FNDA:1,(anonymous_22)
FNDA:1,(anonymous_23)
FNDA:40,(anonymous_24)
FNDA:20,(anonymous_25)
FNDA:6,(anonymous_26)
FNDA:20,(anonymous_27)
FNDA:20,(anonymous_28)
FNDA:8,(anonymous_29)
FNDA:8,(anonymous_30)
DA:1,1
DA:2,1
DA:10,1
DA:11,1
DA:12,1
DA:26,1
DA:31,38
DA:32,38
DA:33,38
DA:34,38
DA:35,38
DA:36,38
DA:39,38
DA:40,26
DA:41,0
DA:42,0
DA:45,26
DA:46,8
DA:49,26
DA:53,38
DA:54,18
DA:55,18
DA:56,18
DA:57,18
DA:58,18
DA:61,38
DA:62,10
DA:63,10
DA:65,10
DA:71,10
DA:72,8
DA:76,38
DA:77,6
DA:78,6
DA:79,6
DA:82,38
DA:83,2
DA:84,2
DA:85,2
DA:86,2
DA:87,2
DA:90,38
DA:91,2
DA:92,2
DA:93,2
DA:96,38
DA:123,44
DA:124,44
DA:125,44
DA:127,44
DA:137,6
DA:200,1
DA:215,1
DA:247,1
DA:255,40
DA:257,40
DA:260,40
DA:261,20
DA:262,2
DA:263,2
DA:264,6
DA:265,2
DA:267,18
DA:269,18
DA:270,20
DA:271,20
DA:272,18
DA:276,40
DA:277,22
DA:284,18
DA:285,18
DA:287,18
DA:288,8
DA:289,8
DA:291,8
DA:293,8
DA:294,8
DA:295,7
DA:297,1
DA:302,18
DA:332,1
DA:598,1
LF:82
LH:80
BRDA:35,0,0,38
BRDA:35,0,1,0
BRDA:40,1,0,0
BRDA:57,2,0,18
BRDA:57,2,1,0
BRDA:77,3,0,0
BRDA:83,4,0,0
BRDA:85,5,0,2
BRDA:85,5,1,0
BRDA:86,6,0,2
BRDA:86,6,1,0
BRDA:91,7,0,0
BRDA:103,8,0,38
BRDA:103,8,1,0
BRDA:116,9,0,38
BRDA:116,9,1,0
BRDA:120,10,0,38
BRDA:120,10,1,22
BRDA:120,10,2,22
BRDA:124,11,0,44
BRDA:124,11,1,20
BRDA:125,12,0,44
BRDA:125,12,1,20
BRDA:125,12,2,10
BRDA:133,13,0,44
BRDA:133,13,1,10
BRDA:134,14,0,44
BRDA:134,14,1,10
BRDA:135,15,0,44
BRDA:135,15,1,0
BRDA:143,16,0,44
BRDA:143,16,1,0
BRDA:152,17,0,38
BRDA:152,17,1,9
BRDA:158,18,0,9
BRDA:158,18,1,4
BRDA:158,19,0,4
BRDA:158,19,1,0
BRDA:167,20,0,9
BRDA:167,20,1,0
BRDA:170,21,0,9
BRDA:170,21,1,5
BRDA:182,22,0,9
BRDA:182,22,1,4
BRDA:190,23,0,38
BRDA:190,23,1,7
BRDA:197,24,0,7
BRDA:197,24,1,4
BRDA:197,24,2,4
BRDA:198,25,0,7
BRDA:198,25,1,4
BRDA:198,25,2,0
BRDA:212,26,0,7
BRDA:212,26,1,4
BRDA:212,26,2,0
BRDA:213,27,0,7
BRDA:213,27,1,4
BRDA:213,27,2,4
BRDA:226,28,0,38
BRDA:226,28,1,18
BRDA:230,29,0,16
BRDA:230,29,1,2
BRDA:232,30,0,16
BRDA:232,30,1,2
BRDA:234,31,0,18
BRDA:234,31,1,18
BRDA:261,32,0,2
BRDA:261,32,1,18
BRDA:263,33,0,2
BRDA:267,34,0,18
BRDA:276,35,0,22
BRDA:276,36,0,40
BRDA:276,36,1,36
BRDA:289,37,0,8
BRDA:289,37,1,0
BRDA:294,38,0,7
BRDA:294,38,1,1
BRF:77
BRH:60
end_of_record
TN:
SF:components\beam\ResultsScreen.tsx
FN:12,(anonymous_1)
FN:26,(anonymous_2)
FN:31,(anonymous_3)
FN:92,(anonymous_4)
FNF:4
FNH:4
FNDA:19,(anonymous_1)
FNDA:41,(anonymous_2)
FNDA:17,(anonymous_3)
FNDA:41,(anonymous_4)
DA:1,1
DA:2,1
DA:9,1
DA:10,1
DA:12,1
DA:13,19
DA:15,19
DA:16,2
DA:26,41
DA:27,17
DA:28,17
DA:29,17
DA:31,17
DA:32,17
DA:33,7
DA:34,5
DA:35,2
DA:38,17
DA:40,17
DA:93,41
DA:145,1
DA:393,1
LF:22
LH:22
BRDA:15,0,0,2
BRDA:28,1,0,16
BRDA:28,1,1,1
BRDA:32,2,0,10
BRDA:33,3,0,2
BRDA:34,4,0,3
BRDA:99,5,0,32
BRDA:99,5,1,9
BRDA:101,6,0,32
BRDA:101,6,1,9
BRDA:105,7,0,32
BRDA:105,7,1,9
BRF:12
BRH:12
end_of_record
TN:
SF:components\beam\StepIndicator.tsx
FN:11,(anonymous_1)
FN:36,(anonymous_2)
FNF:2
FNH:0
FNDA:0,(anonymous_1)
FNDA:0,(anonymous_2)
DA:1,0
DA:2,0
DA:3,0
DA:11,0
DA:16,0
DA:17,0
DA:19,0
DA:37,0
DA:52,0
DA:134,0
LF:10
LH:0
BRDA:16,0,0,0
BRDA:16,0,1,0
BRDA:25,1,0,0
BRDA:25,1,1,0
BRDA:41,2,0,0
BRDA:41,2,1,0
BRF:6
BRH:0
end_of_record
TN:
SF:components\beam\index.ts
FN:2,(anonymous_0)
FN:3,(anonymous_1)
FN:4,(anonymous_2)
FN:5,(anonymous_3)
FN:6,(anonymous_4)
FN:7,(anonymous_5)
FN:8,(anonymous_6)
FNF:7
FNH:0
FNDA:0,(anonymous_0)
FNDA:0,(anonymous_1)
FNDA:0,(anonymous_2)
FNDA:0,(anonymous_3)
FNDA:0,(anonymous_4)
FNDA:0,(anonymous_5)
FNDA:0,(anonymous_6)
DA:2,0
DA:3,0
DA:4,0
DA:5,0
DA:6,0
DA:7,0
DA:8,0
LF:7
LH:0
BRF:0
BRH:0
end_of_record
TN:
SF:components\game-3d\Game3DScreen.tsx
FN:26,(anonymous_9)
FN:33,(anonymous_10)
FN:37,(anonymous_11)
FN:42,(anonymous_12)
FN:88,(anonymous_13)
FN:104,(anonymous_14)
FN:120,(anonymous_15)
FN:121,(anonymous_16)
FN:122,(anonymous_17)
FN:123,(anonymous_18)
FN:128,(anonymous_19)
FN:131,(anonymous_20)
FN:132,(anonymous_21)
FN:137,(anonymous_22)
FN:147,(anonymous_23)
FN:161,(anonymous_24)
FNF:16
FNH:0
FNDA:0,(anonymous_9)
FNDA:0,(anonymous_10)
FNDA:0,(anonymous_11)
FNDA:0,(anonymous_12)
FNDA:0,(anonymous_13)
FNDA:0,(anonymous_14)
FNDA:0,(anonymous_15)
FNDA:0,(anonymous_16)
FNDA:0,(anonymous_17)
FNDA:0,(anonymous_18)
FNDA:0,(anonymous_19)
FNDA:0,(anonymous_20)
FNDA:0,(anonymous_21)
FNDA:0,(anonymous_22)
FNDA:0,(anonymous_23)
FNDA:0,(anonymous_24)
DA:1,0
DA:2,0
DA:9,0
DA:10,0
DA:11,0
DA:12,0
DA:13,0
DA:14,0
DA:15,0
DA:16,0
DA:17,0
DA:20,0
DA:26,0
DA:27,0
DA:28,0
DA:29,0
DA:30,0
DA:31,0
DA:33,0
DA:34,0
DA:37,0
DA:39,0
DA:42,0
DA:43,0
DA:45,0
DA:46,0
DA:48,0
DA:49,0
DA:53,0
DA:57,0
DA:88,0
DA:104,0
DA:120,0
DA:121,0
DA:122,0
DA:123,0
DA:129,0
DA:131,0
DA:132,0
DA:137,0
DA:147,0
DA:161,0
DA:173,0
LF:43
LH:0
BRDA:43,0,0,0
BRDA:43,0,1,0
BRDA:43,0,2,0
BRDA:43,0,3,0
BRDA:45,1,0,0
BRDA:48,2,0,0
BRDA:62,3,0,0
BRDA:62,3,1,0
BRDA:64,4,0,0
BRDA:64,4,1,0
BRDA:68,5,0,0
BRDA:68,5,1,0
BRDA:70,6,0,0
BRDA:70,6,1,0
BRDA:75,7,0,0
BRDA:75,7,1,0
BRDA:86,8,0,0
BRDA:86,8,1,0
BRDA:93,9,0,0
BRDA:93,9,1,0
BRDA:102,10,0,0
BRDA:102,10,1,0
BRDA:109,11,0,0
BRDA:109,11,1,0
BRDA:126,12,0,0
BRDA:126,12,1,0
BRDA:144,13,0,0
BRDA:144,13,1,0
BRDA:144,13,2,0
BRDA:155,14,0,0
BRDA:155,14,1,0
BRDA:164,15,0,0
BRDA:164,15,1,0
BRF:33
BRH:0
end_of_record
TN:
SF:components\game-3d\index.ts
FN:1,(anonymous_4)
FNF:1
FNH:0
FNDA:0,(anonymous_4)
DA:1,0
DA:2,0
DA:3,0
DA:4,0
LF:4
LH:0
BRF:0
BRH:0
end_of_record
TN:
SF:components\game-3d\controls\SwipeControls.tsx
FN:20,(anonymous_9)
FN:36,(anonymous_10)
FN:37,(anonymous_11)
FN:38,(anonymous_12)
FN:44,(anonymous_13)
FN:58,(anonymous_14)
FN:95,(anonymous_15)
FN:99,(anonymous_16)
FN:106,(anonymous_17)
FN:107,(anonymous_18)
FN:116,(anonymous_19)
FNF:11
FNH:0
FNDA:0,(anonymous_9)
FNDA:0,(anonymous_10)
FNDA:0,(anonymous_11)
FNDA:0,(anonymous_12)
FNDA:0,(anonymous_13)
FNDA:0,(anonymous_14)
FNDA:0,(anonymous_15)
FNDA:0,(anonymous_16)
FNDA:0,(anonymous_17)
FNDA:0,(anonymous_18)
FNDA:0,(anonymous_19)
DA:1,0
DA:2,0
DA:5,0
DA:18,0
DA:20,0
DA:30,0
DA:31,0
DA:32,0
DA:33,0
DA:35,0
DA:36,0
DA:37,0
DA:39,0
DA:40,0
DA:41,0
DA:42,0
DA:45,0
DA:47,0
DA:48,0
DA:50,0
DA:51,0
DA:54,0
DA:55,0
DA:59,0
DA:61,0
DA:62,0
DA:65,0
DA:67,0
DA:68,0
DA:69,0
DA:71,0
DA:76,0
DA:77,0
DA:78,0
DA:80,0
DA:87,0
DA:95,0
DA:96,0
DA:97,0
DA:99,0
DA:100,0
DA:101,0
DA:102,0
DA:105,0
DA:106,0
DA:108,0
DA:109,0
DA:113,0
DA:117,0
DA:118,0
DA:122,0
DA:123,0
DA:128,0
DA:131,0
LF:54
LH:0
BRDA:28,0,0,0
BRDA:45,1,0,0
BRDA:54,2,0,0
BRDA:59,3,0,0
BRDA:65,4,0,0
BRDA:65,4,1,0
BRDA:67,5,0,0
BRDA:68,6,0,0
BRDA:68,6,1,0
BRDA:76,7,0,0
BRDA:77,8,0,0
BRDA:77,8,1,0
BRDA:108,9,0,0
BRDA:117,10,0,0
BRF:14
BRH:0
end_of_record
TN:
SF:components\game-3d\controls\VirtualJoystick.tsx
FN:21,(anonymous_9)
FN:38,(anonymous_10)
FN:39,(anonymous_11)
FN:40,(anonymous_12)
FN:45,(anonymous_13)
FN:60,(anonymous_14)
FN:75,(anonymous_15)
FNF:7
FNH:0
FNDA:0,(anonymous_9)
FNDA:0,(anonymous_10)
FNDA:0,(anonymous_11)
FNDA:0,(anonymous_12)
FNDA:0,(anonymous_13)
FNDA:0,(anonymous_14)
FNDA:0,(anonymous_15)
DA:1,0
DA:2,0
DA:3,0
DA:4,0
DA:5,0
DA:8,0
DA:17,0
DA:18,0
DA:19,0
DA:21,0
DA:27,0
DA:33,0
DA:34,0
DA:35,0
DA:37,0
DA:38,0
DA:39,0
DA:41,0
DA:42,0
DA:43,0
DA:46,0
DA:47,0
DA:48,0
DA:50,0
DA:51,0
DA:53,0
DA:54,0
DA:55,0
DA:57,0
DA:58,0
DA:61,0
DA:62,0
DA:66,0
DA:67,0
DA:69,0
DA:74,0
DA:75,0
DA:76,0
DA:77,0
DA:78,0
DA:79,0
DA:82,0
DA:83,0
DA:85,0
DA:86,0
DA:89,0
DA:101,0
DA:148,0
LF:48
LH:0
BRDA:22,0,0,0
BRDA:25,1,0,0
BRDA:69,2,0,0
BRDA:69,2,1,0
BRDA:74,3,0,0
BRDA:76,4,0,0
BRDA:131,5,0,0
BRDA:131,5,1,0
BRF:8
BRH:0
end_of_record
TN:
SF:components\game-3d\controls\index.ts
FN:1,(anonymous_0)
FN:2,(anonymous_1)
FN:2,(anonymous_2)
FNF:3
FNH:0
FNDA:0,(anonymous_0)
FNDA:0,(anonymous_1)
FNDA:0,(anonymous_2)
DA:1,0
DA:2,0
LF:2
LH:0
BRF:0
BRH:0
end_of_record
TN:
SF:components\game-3d\scenes\index.ts
FN:1,(anonymous_0)
FN:2,(anonymous_1)
FNF:2
FNH:0
FNDA:0,(anonymous_0)
FNDA:0,(anonymous_1)
DA:1,0
DA:2,0
LF:2
LH:0
BRF:0
BRH:0
end_of_record
TN:
SF:components\library\LibraryScreen.tsx
FN:27,(anonymous_9)
FN:33,(anonymous_10)
FN:56,(anonymous_11)
FN:74,(anonymous_12)
FN:75,(anonymous_13)
FN:77,(anonymous_14)
FN:90,(anonymous_15)
FN:111,(anonymous_16)
FN:129,(anonymous_17)
FN:144,(anonymous_18)
FN:176,(anonymous_19)
FN:187,(anonymous_20)
FN:193,(anonymous_21)
FN:204,(anonymous_22)
FN:232,(anonymous_23)
FN:264,(anonymous_24)
FN:271,(anonymous_25)
FN:291,(anonymous_26)
FN:301,(anonymous_27)
FN:333,(anonymous_28)
FN:337,(anonymous_29)
FN:355,(anonymous_30)
FNF:22
FNH:0
FNDA:0,(anonymous_9)
FNDA:0,(anonymous_10)
FNDA:0,(anonymous_11)
FNDA:0,(anonymous_12)
FNDA:0,(anonymous_13)
FNDA:0,(anonymous_14)
FNDA:0,(anonymous_15)
FNDA:0,(anonymous_16)
FNDA:0,(anonymous_17)
FNDA:0,(anonymous_18)
FNDA:0,(anonymous_19)
FNDA:0,(anonymous_20)
FNDA:0,(anonymous_21)
FNDA:0,(anonymous_22)
FNDA:0,(anonymous_23)
FNDA:0,(anonymous_24)
FNDA:0,(anonymous_25)
FNDA:0,(anonymous_26)
FNDA:0,(anonymous_27)
FNDA:0,(anonymous_28)
FNDA:0,(anonymous_29)
FNDA:0,(anonymous_30)
DA:1,0
DA:2,0
DA:12,0
DA:13,0
DA:14,0
DA:15,0
DA:16,0
DA:17,0
DA:20,0
DA:27,0
DA:28,0
DA:30,0
DA:31,0
DA:34,0
DA:47,0
DA:56,0
DA:59,0
DA:74,0
DA:75,0
DA:76,0
DA:77,0
DA:80,0
DA:90,0
DA:91,0
DA:92,0
DA:104,0
DA:106,0
DA:107,0
DA:110,0
DA:113,0
DA:119,0
DA:121,0
DA:123,0
DA:124,0
DA:127,0
DA:130,0
DA:132,0
DA:134,0
DA:136,0
DA:138,0
DA:140,0
DA:144,0
DA:145,0
DA:146,0
DA:151,0
DA:152,0
DA:155,0
DA:168,0
DA:171,0
DA:172,0
DA:176,0
DA:177,0
DA:178,0
DA:180,0
DA:187,0
DA:188,0
DA:189,0
DA:190,0
DA:193,0
DA:194,0
DA:201,0
DA:202,0
DA:204,0
DA:209,0
DA:232,0
DA:265,0
DA:271,0
DA:291,0
DA:301,0
DA:334,0
DA:337,0
DA:355,0
DA:412,0
LF:73
LH:0
BRDA:113,0,0,0
BRDA:113,0,1,0
BRDA:113,0,2,0
BRDA:113,0,3,0
BRDA:113,0,4,0
BRDA:119,1,0,0
BRDA:121,2,0,0
BRDA:123,3,0,0
BRDA:130,4,0,0
BRDA:130,4,1,0
BRDA:130,4,2,0
BRDA:130,4,3,0
BRDA:130,4,4,0
BRDA:151,5,0,0
BRDA:151,6,0,0
BRDA:151,6,1,0
BRDA:151,6,2,0
BRDA:157,7,0,0
BRDA:157,7,1,0
BRDA:158,8,0,0
BRDA:158,8,1,0
BRDA:177,9,0,0
BRDA:177,9,1,0
BRDA:188,10,0,0
BRDA:189,11,0,0
BRDA:201,12,0,0
BRDA:269,13,0,0
BRDA:269,13,1,0
BRDA:277,14,0,0
BRDA:277,14,1,0
BRDA:291,15,0,0
BRDA:291,15,1,0
BRDA:295,16,0,0
BRDA:295,16,1,0
BRDA:301,17,0,0
BRDA:301,17,1,0
BRDA:305,18,0,0
BRDA:305,18,1,0
BRDA:322,19,0,0
BRDA:322,19,1,0
BRDA:361,20,0,0
BRDA:361,20,1,0
BRDA:378,21,0,0
BRDA:378,21,1,0
BRF:44
BRH:0
end_of_record
TN:
SF:components\library\index.ts
FN:1,(anonymous_0)
FNF:1
FNH:0
FNDA:0,(anonymous_0)
DA:1,0
LF:1
LH:0
BRF:0
BRH:0
end_of_record
TN:
SF:components\math\KatexRender.tsx
FN:14,(anonymous_1)
FN:37,latexToUnicode
FN:68,(anonymous_3)
FN:69,(anonymous_4)
FN:71,(anonymous_5)
FN:72,(anonymous_6)
FN:76,(anonymous_7)
FN:77,(anonymous_8)
FN:114,toSuperscript
FN:124,toSubscript
FNF:10
FNH:0
FNDA:0,(anonymous_1)
FNDA:0,latexToUnicode
FNDA:0,(anonymous_3)
FNDA:0,(anonymous_4)
FNDA:0,(anonymous_5)
FNDA:0,(anonymous_6)
FNDA:0,(anonymous_7)
FNDA:0,(anonymous_8)
FNDA:0,toSuperscript
FNDA:0,toSubscript
DA:1,1
DA:2,1
DA:3,1
DA:4,1
DA:14,1
DA:22,0
DA:38,0
DA:41,0
DA:68,0
DA:69,0
DA:71,0
DA:72,0
DA:76,0
DA:77,0
DA:80,0
DA:83,0
DA:86,0
DA:87,0
DA:91,0
DA:92,0
DA:93,0
DA:94,0
DA:95,0
DA:96,0
DA:97,0
DA:98,0
DA:99,0
DA:100,0
DA:101,0
DA:102,0
DA:103,0
DA:106,0
DA:107,0
DA:108,0
DA:109,0
DA:111,0
DA:115,0
DA:121,0
DA:125,0
DA:130,0
DA:133,1
DA:159,1
LF:42
LH:7
BRDA:16,0,0,0
BRDA:17,1,0,0
BRDA:18,2,0,0
BRDA:28,3,0,0
BRDA:28,3,1,0
BRDA:121,4,0,0
BRDA:121,4,1,0
BRDA:130,5,0,0
BRDA:130,5,1,0
BRF:9
BRH:0
end_of_record
TN:
SF:components\math\Math.tsx
FN:18,(anonymous_1)
FNF:1
FNH:1
FNDA:3,(anonymous_1)
DA:1,1
DA:2,1
DA:3,1
DA:18,1
DA:26,3
DA:28,3
DA:39,1
LF:7
LH:7
BRDA:20,0,0,3
BRDA:21,1,0,0
BRDA:26,2,0,3
BRDA:26,2,1,0
BRDA:33,3,0,3
BRDA:33,3,1,3
BRF:6
BRH:4
end_of_record
TN:
SF:components\math\MathRenderer.tsx
FN:20,(anonymous_9)
FN:29,(anonymous_10)
FN:37,(anonymous_11)
FN:95,(anonymous_12)
FNF:4
FNH:0
FNDA:0,(anonymous_9)
FNDA:0,(anonymous_10)
FNDA:0,(anonymous_11)
FNDA:0,(anonymous_12)
DA:1,0
DA:2,0
DA:3,0
DA:5,0
DA:20,0
DA:29,0
DA:30,0
DA:37,0
DA:83,0
DA:95,0
DA:101,0
DA:117,0
LF:12
LH:0
BRDA:22,0,0,0
BRDA:23,1,0,0
BRDA:24,2,0,0
BRDA:25,3,0,0
BRDA:47,4,0,0
BRDA:47,4,1,0
BRDA:48,5,0,0
BRDA:48,5,1,0
BRDA:50,6,0,0
BRDA:50,6,1,0
BRDA:84,7,0,0
BRDA:84,7,1,0
BRF:12
BRH:0
end_of_record
TN:
SF:components\math\index.ts
FNF:0
FNH:0
DA:1,1
DA:2,1
DA:3,1
LF:3
LH:3
BRF:0
BRH:0
end_of_record
TN:
SF:components\notes\NoteEditor.tsx
FN:25,(anonymous_9)
FN:34,(anonymous_10)
FN:42,(anonymous_11)
FN:46,(anonymous_12)
FN:60,(anonymous_13)
FN:68,(anonymous_14)
FN:69,(anonymous_15)
FN:72,(anonymous_16)
FN:76,(anonymous_17)
FN:77,(anonymous_18)
FN:125,(anonymous_19)
FN:157,(anonymous_20)
FN:165,(anonymous_21)
FN:178,(anonymous_22)
FN:184,(anonymous_23)
FN:190,(anonymous_24)
FN:196,(anonymous_25)
FN:241,(anonymous_26)
FN:242,(anonymous_27)
FNF:19
FNH:0
FNDA:0,(anonymous_9)
FNDA:0,(anonymous_10)
FNDA:0,(anonymous_11)
FNDA:0,(anonymous_12)
FNDA:0,(anonymous_13)
FNDA:0,(anonymous_14)
FNDA:0,(anonymous_15)
FNDA:0,(anonymous_16)
FNDA:0,(anonymous_17)
FNDA:0,(anonymous_18)
FNDA:0,(anonymous_19)
FNDA:0,(anonymous_20)
FNDA:0,(anonymous_21)
FNDA:0,(anonymous_22)
FNDA:0,(anonymous_23)
FNDA:0,(anonymous_24)
FNDA:0,(anonymous_25)
FNDA:0,(anonymous_26)
FNDA:0,(anonymous_27)
DA:1,0
DA:2,0
DA:10,0
DA:11,0
DA:12,0
DA:13,0
DA:14,0
DA:25,0
DA:32,0
DA:33,0
DA:34,0
DA:36,0
DA:37,0
DA:38,0
DA:39,0
DA:42,0
DA:43,0
DA:46,0
DA:47,0
DA:48,0
DA:50,0
DA:57,0
DA:60,0
DA:61,0
DA:62,0
DA:63,0
DA:65,0
DA:68,0
DA:69,0
DA:72,0
DA:73,0
DA:76,0
DA:77,0
DA:78,0
DA:80,0
DA:82,0
DA:93,0
DA:100,0
DA:107,0
DA:114,0
DA:122,0
DA:123,0
DA:126,0
DA:127,0
DA:128,0
DA:130,0
DA:138,0
DA:157,0
DA:165,0
DA:178,0
DA:184,0
DA:190,0
DA:196,0
DA:242,0
DA:252,0
LF:55
LH:0
BRDA:33,0,0,0
BRDA:33,0,1,0
BRDA:34,1,0,0
BRDA:34,1,1,0
BRDA:36,2,0,0
BRDA:36,2,1,0
BRDA:37,3,0,0
BRDA:37,3,1,0
BRDA:47,4,0,0
BRDA:47,4,1,0
BRDA:62,5,0,0
BRDA:62,6,0,0
BRDA:62,6,1,0
BRDA:80,7,0,0
BRDA:80,7,1,0
BRDA:80,7,2,0
BRDA:80,7,3,0
BRDA:80,7,4,0
BRDA:80,7,5,0
BRDA:126,8,0,0
BRDA:126,9,0,0
BRDA:126,9,1,0
BRDA:146,10,0,0
BRDA:146,10,1,0
BRDA:156,11,0,0
BRDA:156,11,1,0
BRDA:159,12,0,0
BRDA:159,12,1,0
BRDA:164,13,0,0
BRDA:164,13,1,0
BRDA:167,14,0,0
BRDA:167,14,1,0
BRDA:174,15,0,0
BRDA:174,15,1,0
BRDA:204,16,0,0
BRDA:204,16,1,0
BRDA:206,17,0,0
BRDA:206,17,1,0
BRF:38
BRH:0
end_of_record
TN:
SF:components\notes\index.ts
FN:1,(anonymous_0)
FNF:1
FNH:0
FNDA:0,(anonymous_0)
DA:1,0
LF:1
LH:0
BRF:0
BRH:0
end_of_record
TN:
SF:components\reaction\BeamTypeSelector.tsx
FN:27,(anonymous_9)
FN:42,(anonymous_10)
FN:46,(anonymous_11)
FN:51,(anonymous_12)
FN:58,(anonymous_13)
FN:84,(anonymous_14)
FN:89,(anonymous_15)
FNF:7
FNH:0
FNDA:0,(anonymous_9)
FNDA:0,(anonymous_10)
FNDA:0,(anonymous_11)
FNDA:0,(anonymous_12)
FNDA:0,(anonymous_13)
FNDA:0,(anonymous_14)
FNDA:0,(anonymous_15)
DA:1,0
DA:2,0
DA:9,0
DA:10,0
DA:11,0
DA:20,0
DA:27,0
DA:28,0
DA:42,0
DA:43,0
DA:44,0
DA:46,0
DA:47,0
DA:48,0
DA:51,0
DA:53,0
DA:58,0
DA:85,0
DA:89,0
DA:107,0
DA:109,0
LF:21
LH:0
BRDA:29,0,0,0
BRDA:29,0,1,0
BRDA:33,1,0,0
BRDA:33,1,1,0
BRDA:34,2,0,0
BRDA:34,2,1,0
BRDA:36,3,0,0
BRDA:36,3,1,0
BRDA:64,4,0,0
BRDA:64,4,1,0
BRDA:69,5,0,0
BRDA:69,5,1,0
BRDA:70,6,0,0
BRDA:70,6,1,0
BRDA:76,7,0,0
BRDA:76,7,1,0
BRDA:95,8,0,0
BRDA:95,8,1,0
BRF:18
BRH:0
end_of_record
TN:
SF:components\reaction\ReactionDiagrams.tsx
FN:18,(anonymous_1)
FN:23,(anonymous_2)
FN:24,(anonymous_3)
FN:32,(anonymous_4)
FN:33,(anonymous_5)
FN:44,(anonymous_6)
FN:46,(anonymous_7)
FN:56,(anonymous_8)
FN:58,(anonymous_9)
FN:68,(anonymous_10)
FN:70,(anonymous_11)
FN:88,(anonymous_12)
FN:90,(anonymous_13)
FN:112,(anonymous_14)
FN:201,(anonymous_15)
FN:202,(anonymous_16)
FNF:16
FNH:0
FNDA:0,(anonymous_1)
FNDA:0,(anonymous_2)
FNDA:0,(anonymous_3)
FNDA:0,(anonymous_4)
FNDA:0,(anonymous_5)
FNDA:0,(anonymous_6)
FNDA:0,(anonymous_7)
FNDA:0,(anonymous_8)
FNDA:0,(anonymous_9)
FNDA:0,(anonymous_10)
FNDA:0,(anonymous_11)
FNDA:0,(anonymous_12)
FNDA:0,(anonymous_13)
FNDA:0,(anonymous_14)
FNDA:0,(anonymous_15)
FNDA:0,(anonymous_16)
DA:1,0
DA:2,0
DA:3,0
DA:4,0
DA:7,0
DA:9,0
DA:10,0
DA:11,0
DA:12,0
DA:18,0
DA:19,0
DA:20,0
DA:23,0
DA:24,0
DA:26,0
DA:27,0
DA:29,0
DA:32,0
DA:33,0
DA:38,0
DA:39,0
DA:40,0
DA:44,0
DA:45,0
DA:46,0
DA:47,0
DA:48,0
DA:49,0
DA:50,0
DA:52,0
DA:56,0
DA:57,0
DA:58,0
DA:59,0
DA:60,0
DA:61,0
DA:62,0
DA:64,0
DA:68,0
DA:69,0
DA:70,0
DA:71,0
DA:72,0
DA:73,0
DA:74,0
DA:75,0
DA:77,0
DA:81,0
DA:82,0
DA:83,0
DA:84,0
DA:88,0
DA:89,0
DA:90,0
DA:91,0
DA:92,0
DA:93,0
DA:94,0
DA:95,0
DA:97,0
DA:101,0
DA:102,0
DA:103,0
DA:104,0
DA:107,0
DA:108,0
DA:109,0
DA:112,0
DA:113,0
DA:114,0
DA:115,0
DA:116,0
DA:119,0
DA:201,0
DA:203,0
DA:218,0
LF:76
LH:0
BRDA:29,0,0,0
BRDA:29,0,1,0
BRDA:36,1,0,0
BRDA:40,2,0,0
BRDA:40,2,1,0
BRDA:49,3,0,0
BRDA:49,3,1,0
BRDA:61,4,0,0
BRDA:61,4,1,0
BRDA:73,5,0,0
BRDA:73,5,1,0
BRDA:93,6,0,0
BRDA:93,6,1,0
BRF:13
BRH:0
end_of_record
TN:
SF:components\reaction\ReactionScreen.tsx
FN:50,(anonymous_9)
FN:54,(anonymous_10)
FN:59,(anonymous_11)
FN:64,(anonymous_12)
FN:84,(anonymous_13)
FN:85,(anonymous_14)
FN:167,(anonymous_15)
FN:180,(anonymous_16)
FN:185,(anonymous_17)
FN:189,(anonymous_18)
FN:217,(anonymous_19)
FN:225,(anonymous_20)
FN:232,(anonymous_21)
FN:246,(anonymous_22)
FN:253,(anonymous_23)
FN:265,(anonymous_24)
FN:289,(anonymous_25)
FN:296,(anonymous_26)
FN:324,(anonymous_27)
FN:347,(anonymous_28)
FN:353,(anonymous_29)
FN:366,(anonymous_30)
FN:385,(anonymous_31)
FN:392,(anonymous_32)
FN:400,(anonymous_33)
FN:416,(anonymous_34)
FN:433,(anonymous_35)
FN:454,(anonymous_36)
FN:466,(anonymous_37)
FN:501,(anonymous_38)
FN:547,(anonymous_39)
FN:615,(anonymous_40)
FN:619,(anonymous_41)
FN:641,(anonymous_42)
FN:651,(anonymous_43)
FN:655,(anonymous_44)
FN:668,(anonymous_45)
FN:678,(anonymous_46)
FN:682,(anonymous_47)
FN:803,(anonymous_48)
FN:815,(anonymous_49)
FN:824,(anonymous_50)
FN:839,(anonymous_51)
FN:864,(anonymous_52)
FN:955,(anonymous_53)
FNF:45
FNH:0
FNDA:0,(anonymous_9)
FNDA:0,(anonymous_10)
FNDA:0,(anonymous_11)
FNDA:0,(anonymous_12)
FNDA:0,(anonymous_13)
FNDA:0,(anonymous_14)
FNDA:0,(anonymous_15)
FNDA:0,(anonymous_16)
FNDA:0,(anonymous_17)
FNDA:0,(anonymous_18)
FNDA:0,(anonymous_19)
FNDA:0,(anonymous_20)
FNDA:0,(anonymous_21)
FNDA:0,(anonymous_22)
FNDA:0,(anonymous_23)
FNDA:0,(anonymous_24)
FNDA:0,(anonymous_25)
FNDA:0,(anonymous_26)
FNDA:0,(anonymous_27)
FNDA:0,(anonymous_28)
FNDA:0,(anonymous_29)
FNDA:0,(anonymous_30)
FNDA:0,(anonymous_31)
FNDA:0,(anonymous_32)
FNDA:0,(anonymous_33)
FNDA:0,(anonymous_34)
FNDA:0,(anonymous_35)
FNDA:0,(anonymous_36)
FNDA:0,(anonymous_37)
FNDA:0,(anonymous_38)
FNDA:0,(anonymous_39)
FNDA:0,(anonymous_40)
FNDA:0,(anonymous_41)
FNDA:0,(anonymous_42)
FNDA:0,(anonymous_43)
FNDA:0,(anonymous_44)
FNDA:0,(anonymous_45)
FNDA:0,(anonymous_46)
FNDA:0,(anonymous_47)
FNDA:0,(anonymous_48)
FNDA:0,(anonymous_49)
FNDA:0,(anonymous_50)
FNDA:0,(anonymous_51)
FNDA:0,(anonymous_52)
FNDA:0,(anonymous_53)
DA:1,0
DA:2,0
DA:14,0
DA:15,0
DA:16,0
DA:21,0
DA:22,0
DA:28,0
DA:29,0
DA:30,0
DA:31,0
DA:32,0
DA:42,0
DA:43,0
DA:44,0
DA:50,0
DA:51,0
DA:54,0
DA:55,0
DA:59,0
DA:60,0
DA:64,0
DA:65,0
DA:67,0
DA:84,0
DA:85,0
DA:86,0
DA:87,0
DA:88,0
DA:89,0
DA:100,0
DA:101,0
DA:102,0
DA:103,0
DA:104,0
DA:105,0
DA:115,0
DA:116,0
DA:117,0
DA:118,0
DA:129,0
DA:130,0
DA:131,0
DA:132,0
DA:133,0
DA:134,0
DA:144,0
DA:148,0
DA:167,0
DA:180,0
DA:181,0
DA:182,0
DA:185,0
DA:186,0
DA:189,0
DA:190,0
DA:191,0
DA:192,0
DA:193,0
DA:197,0
DA:217,0
DA:218,0
DA:219,0
DA:220,0
DA:221,0
DA:222,0
DA:225,0
DA:226,0
DA:227,0
DA:228,0
DA:232,0
DA:233,0
DA:234,0
DA:235,0
DA:236,0
DA:240,0
DA:246,0
DA:254,0
DA:265,0
DA:290,0
DA:296,0
DA:324,0
DA:347,0
DA:348,0
DA:349,0
DA:350,0
DA:353,0
DA:354,0
DA:355,0
DA:359,0
DA:366,0
DA:367,0
DA:369,0
DA:371,0
DA:373,0
DA:375,0
DA:379,0
DA:385,0
DA:393,0
DA:400,0
DA:416,0
DA:433,0
DA:439,0
DA:442,0
DA:443,0
DA:444,0
DA:445,0
DA:446,0
DA:447,0
DA:450,0
DA:451,0
DA:454,0
DA:455,0
DA:456,0
DA:457,0
DA:458,0
DA:459,0
DA:460,0
DA:461,0
DA:466,0
DA:467,0
DA:469,0
DA:470,0
DA:471,0
DA:472,0
DA:474,0
DA:475,0
DA:476,0
DA:477,0
DA:481,0
DA:482,0
DA:483,0
DA:484,0
DA:486,0
DA:487,0
DA:488,0
DA:492,0
DA:493,0
DA:494,0
DA:497,0
DA:501,0
DA:502,0
DA:504,0
DA:505,0
DA:506,0
DA:507,0
DA:509,0
DA:511,0
DA:513,0
DA:514,0
DA:520,0
DA:521,0
DA:528,0
DA:529,0
DA:535,0
DA:536,0
DA:543,0
DA:547,0
DA:548,0
DA:550,0
DA:551,0
DA:552,0
DA:553,0
DA:555,0
DA:557,0
DA:562,0
DA:563,0
DA:565,0
DA:571,0
DA:572,0
DA:574,0
DA:579,0
DA:580,0
DA:582,0
DA:588,0
DA:589,0
DA:593,0
DA:595,0
DA:616,0
DA:619,0
DA:642,0
DA:643,0
DA:652,0
DA:655,0
DA:669,0
DA:670,0
DA:679,0
DA:682,0
DA:803,0
DA:804,0
DA:805,0
DA:807,0
DA:808,0
DA:815,0
DA:824,0
DA:825,0
DA:826,0
DA:827,0
DA:828,0
DA:829,0
DA:830,0
DA:833,0
DA:839,0
DA:865,0
DA:955,0
DA:956,0
DA:957,0
DA:959,0
DA:960,0
DA:963,0
DA:999,0
LF:211
LH:0
BRDA:69,0,0,0
BRDA:69,0,1,0
BRDA:72,1,0,0
BRDA:72,1,1,0
BRDA:75,2,0,0
BRDA:75,2,1,0
BRDA:86,3,0,0
BRDA:86,3,1,0
BRDA:92,4,0,0
BRDA:92,4,1,0
BRDA:100,5,0,0
BRDA:100,5,1,0
BRDA:108,6,0,0
BRDA:108,6,1,0
BRDA:115,7,0,0
BRDA:115,7,1,0
BRDA:121,8,0,0
BRDA:121,8,1,0
BRDA:129,9,0,0
BRDA:192,10,0,0
BRDA:226,11,0,0
BRDA:234,12,0,0
BRDA:234,13,0,0
BRDA:234,13,1,0
BRDA:257,14,0,0
BRDA:257,14,1,0
BRDA:258,15,0,0
BRDA:258,15,1,0
BRDA:259,16,0,0
BRDA:259,16,1,0
BRDA:272,17,0,0
BRDA:272,17,1,0
BRDA:294,18,0,0
BRDA:294,18,1,0
BRDA:302,19,0,0
BRDA:302,19,1,0
BRDA:354,20,0,0
BRDA:367,21,0,0
BRDA:367,21,1,0
BRDA:367,21,2,0
BRDA:367,21,3,0
BRDA:407,22,0,0
BRDA:407,22,1,0
BRDA:455,23,0,0
BRDA:474,24,0,0
BRDA:474,25,0,0
BRDA:474,25,1,0
BRDA:475,26,0,0
BRDA:475,27,0,0
BRDA:475,27,1,0
BRDA:481,28,0,0
BRDA:481,29,0,0
BRDA:481,29,1,0
BRDA:482,30,0,0
BRDA:482,31,0,0
BRDA:482,31,1,0
BRDA:486,32,0,0
BRDA:492,33,0,0
BRDA:502,34,0,0
BRDA:509,35,0,0
BRDA:511,36,0,0
BRDA:511,36,1,0
BRDA:511,36,2,0
BRDA:511,36,3,0
BRDA:511,36,4,0
BRDA:513,37,0,0
BRDA:513,38,0,0
BRDA:513,38,1,0
BRDA:520,39,0,0
BRDA:520,40,0,0
BRDA:520,40,1,0
BRDA:520,40,2,0
BRDA:528,41,0,0
BRDA:528,42,0,0
BRDA:528,42,1,0
BRDA:535,43,0,0
BRDA:535,44,0,0
BRDA:535,44,1,0
BRDA:535,44,2,0
BRDA:548,45,0,0
BRDA:555,46,0,0
BRDA:555,46,1,0
BRDA:555,46,2,0
BRDA:555,46,3,0
BRDA:618,47,0,0
BRDA:618,47,1,0
BRDA:625,48,0,0
BRDA:625,48,1,0
BRDA:635,49,0,0
BRDA:635,49,1,0
BRDA:639,50,0,0
BRDA:639,50,1,0
BRDA:658,51,0,0
BRDA:658,51,1,0
BRDA:658,52,0,0
BRDA:658,52,1,0
BRDA:666,53,0,0
BRDA:666,53,1,0
BRDA:691,54,0,0
BRDA:691,54,1,0
BRDA:723,55,0,0
BRDA:723,55,1,0
BRDA:746,56,0,0
BRDA:746,56,1,0
BRDA:807,57,0,0
BRDA:807,58,0,0
BRDA:807,58,1,0
BRDA:812,59,0,0
BRDA:812,59,1,0
BRDA:826,60,0,0
BRDA:827,61,0,0
BRDA:828,62,0,0
BRDA:829,63,0,0
BRDA:871,64,0,0
BRDA:871,64,1,0
BRDA:872,65,0,0
BRDA:872,65,1,0
BRDA:874,66,0,0
BRDA:874,66,1,0
BRDA:894,67,0,0
BRDA:894,67,1,0
BRDA:904,68,0,0
BRDA:904,68,1,0
BRDA:922,69,0,0
BRDA:922,69,1,0
BRDA:959,70,0,0
BRDA:959,71,0,0
BRDA:959,71,1,0
BRDA:1013,72,0,0
BRDA:1013,72,1,0
BRF:130
BRH:0
end_of_record
TN:
SF:components\reaction\SVGIcons.tsx
FN:23,(anonymous_9)
FN:29,(anonymous_10)
FN:58,(anonymous_11)
FN:91,(anonymous_12)
FN:97,(anonymous_13)
FN:136,(anonymous_14)
FN:147,(anonymous_15)
FN:195,(anonymous_16)
FN:204,(anonymous_17)
FN:256,(anonymous_18)
FN:267,(anonymous_19)
FN:275,(anonymous_20)
FN:325,(anonymous_21)
FN:333,(anonymous_22)
FN:369,(anonymous_23)
FN:391,(anonymous_24)
FNF:16
FNH:0
FNDA:0,(anonymous_9)
FNDA:0,(anonymous_10)
FNDA:0,(anonymous_11)
FNDA:0,(anonymous_12)
FNDA:0,(anonymous_13)
FNDA:0,(anonymous_14)
FNDA:0,(anonymous_15)
FNDA:0,(anonymous_16)
FNDA:0,(anonymous_17)
FNDA:0,(anonymous_18)
FNDA:0,(anonymous_19)
FNDA:0,(anonymous_20)
FNDA:0,(anonymous_21)
FNDA:0,(anonymous_22)
FNDA:0,(anonymous_23)
FNDA:0,(anonymous_24)
DA:1,0
DA:2,0
DA:3,0
DA:18,0
DA:23,0
DA:29,0
DA:30,0
DA:31,0
DA:32,0
DA:33,0
DA:34,0
DA:35,0
DA:36,0
DA:39,0
DA:53,0
DA:58,0
DA:64,0
DA:86,0
DA:91,0
DA:97,0
DA:98,0
DA:99,0
DA:100,0
DA:101,0
DA:102,0
DA:103,0
DA:104,0
DA:105,0
DA:106,0
DA:107,0
DA:110,0
DA:128,0
DA:136,0
DA:145,0
DA:147,0
DA:148,0
DA:149,0
DA:150,0
DA:151,0
DA:152,0
DA:153,0
DA:154,0
DA:155,0
DA:157,0
DA:158,0
DA:159,0
DA:160,0
DA:161,0
DA:162,0
DA:164,0
DA:167,0
DA:187,0
DA:195,0
DA:204,0
DA:205,0
DA:206,0
DA:207,0
DA:208,0
DA:209,0
DA:210,0
DA:211,0
DA:212,0
DA:213,0
DA:214,0
DA:216,0
DA:217,0
DA:218,0
DA:219,0
DA:220,0
DA:224,0
DA:225,0
DA:226,0
DA:229,0
DA:248,0
DA:256,0
DA:265,0
DA:267,0
DA:268,0
DA:270,0
DA:271,0
DA:272,0
DA:275,0
DA:276,0
DA:277,0
DA:278,0
DA:279,0
DA:280,0
DA:281,0
DA:282,0
DA:284,0
DA:285,0
DA:286,0
DA:288,0
DA:291,0
DA:318,0
DA:325,0
DA:333,0
DA:334,0
DA:335,0
DA:336,0
DA:337,0
DA:338,0
DA:339,0
DA:342,0
DA:365,0
DA:369,0
DA:370,0
DA:372,0
DA:374,0
DA:376,0
DA:378,0
DA:382,0
DA:391,0
DA:401,0
DA:403,0
DA:414,0
DA:425,0
DA:436,0
DA:446,0
DA:454,0
LF:120
LH:0
BRDA:24,0,0,0
BRDA:25,1,0,0
BRDA:26,2,0,0
BRDA:27,3,0,0
BRDA:59,4,0,0
BRDA:60,5,0,0
BRDA:61,6,0,0
BRDA:62,7,0,0
BRDA:92,8,0,0
BRDA:93,9,0,0
BRDA:94,10,0,0
BRDA:95,11,0,0
BRDA:138,12,0,0
BRDA:139,13,0,0
BRDA:140,14,0,0
BRDA:142,15,0,0
BRDA:143,16,0,0
BRDA:145,17,0,0
BRDA:145,17,1,0
BRDA:149,18,0,0
BRDA:149,18,1,0
BRDA:177,19,0,0
BRDA:177,19,1,0
BRDA:179,20,0,0
BRDA:179,20,1,0
BRDA:197,21,0,0
BRDA:198,22,0,0
BRDA:199,23,0,0
BRDA:201,24,0,0
BRDA:202,25,0,0
BRDA:209,26,0,0
BRDA:209,26,1,0
BRDA:224,27,0,0
BRDA:224,27,1,0
BRDA:225,28,0,0
BRDA:225,28,1,0
BRDA:239,29,0,0
BRDA:239,29,1,0
BRDA:241,30,0,0
BRDA:241,30,1,0
BRDA:258,31,0,0
BRDA:259,32,0,0
BRDA:260,33,0,0
BRDA:262,34,0,0
BRDA:263,35,0,0
BRDA:265,36,0,0
BRDA:265,36,1,0
BRDA:279,37,0,0
BRDA:279,37,1,0
BRDA:309,38,0,0
BRDA:309,38,1,0
BRDA:326,39,0,0
BRDA:327,40,0,0
BRDA:328,41,0,0
BRDA:330,42,0,0
BRDA:331,43,0,0
BRDA:352,44,0,0
BRDA:352,44,1,0
BRDA:369,45,0,0
BRDA:369,46,0,0
BRDA:370,47,0,0
BRDA:370,47,1,0
BRDA:370,47,2,0
BRDA:370,47,3,0
BRDA:393,48,0,0
BRDA:398,49,0,0
BRDA:399,50,0,0
BRDA:401,51,0,0
BRDA:401,51,1,0
BRDA:401,51,2,0
BRDA:401,51,3,0
BRDA:401,51,4,0
BRDA:406,52,0,0
BRDA:406,52,1,0
BRDA:407,53,0,0
BRDA:407,53,1,0
BRDA:417,54,0,0
BRDA:417,54,1,0
BRDA:418,55,0,0
BRDA:418,55,1,0
BRDA:427,56,0,0
BRDA:427,56,1,0
BRDA:428,57,0,0
BRDA:428,57,1,0
BRDA:429,58,0,0
BRDA:429,58,1,0
BRDA:438,59,0,0
BRDA:438,59,1,0
BRDA:439,60,0,0
BRDA:439,60,1,0
BRF:90
BRH:0
end_of_record
TN:
SF:components\reaction\index.ts
FN:1,(anonymous_0)
FN:2,(anonymous_1)
FN:3,(anonymous_2)
FNF:3
FNH:0
FNDA:0,(anonymous_0)
FNDA:0,(anonymous_1)
FNDA:0,(anonymous_2)
DA:1,0
DA:2,0
DA:3,0
LF:3
LH:0
BRF:0
BRH:0
end_of_record
TN:
SF:components\retro\CRTOverlay.tsx
FN:6,(anonymous_1)
FNF:1
FNH:0
FNDA:0,(anonymous_1)
DA:1,0
DA:2,0
DA:4,0
DA:6,0
DA:7,0
DA:15,0
LF:6
LH:0
BRF:0
BRH:0
end_of_record
TN:
SF:components\retro\RetroButton.tsx
FN:22,(anonymous_9)
FN:32,(anonymous_10)
FN:41,(anonymous_11)
FNF:3
FNH:0
FNDA:0,(anonymous_9)
FNDA:0,(anonymous_10)
FNDA:0,(anonymous_11)
DA:1,0
DA:2,0
DA:11,0
DA:22,0
DA:30,0
DA:32,0
DA:33,0
DA:41,0
DA:42,0
DA:50,0
DA:55,0
DA:60,0
DA:84,0
LF:13
LH:0
BRDA:25,0,0,0
BRDA:73,1,0,0
BRDA:73,1,1,0
BRF:3
BRH:0
end_of_record
TN:
SF:components\retro\RetroCard.tsx
FN:11,(anonymous_1)
FNF:1
FNH:0
FNDA:0,(anonymous_1)
DA:1,0
DA:2,0
DA:3,0
DA:11,0
DA:12,0
DA:23,0
LF:6
LH:0
BRDA:11,0,0,0
BRF:1
BRH:0
end_of_record
TN:
SF:components\retro\RetroDpad.tsx
FN:20,(anonymous_9)
FN:47,(anonymous_10)
FN:70,(anonymous_11)
FN:78,(anonymous_12)
FN:84,(anonymous_13)
FN:123,(anonymous_14)
FN:138,(anonymous_15)
FN:154,(anonymous_16)
FN:169,(anonymous_17)
FNF:9
FNH:0
FNDA:0,(anonymous_9)
FNDA:0,(anonymous_10)
FNDA:0,(anonymous_11)
FNDA:0,(anonymous_12)
FNDA:0,(anonymous_13)
FNDA:0,(anonymous_14)
FNDA:0,(anonymous_15)
FNDA:0,(anonymous_16)
FNDA:0,(anonymous_17)
DA:1,0
DA:2,0
DA:3,0
DA:4,0
DA:16,0
DA:17,0
DA:20,0
DA:21,0
DA:22,0
DA:23,0
DA:24,0
DA:27,0
DA:30,0
DA:33,0
DA:36,0
DA:39,0
DA:41,0
DA:44,0
DA:47,0
DA:48,0
DA:49,0
DA:50,0
DA:52,0
DA:54,0
DA:55,0
DA:57,0
DA:58,0
DA:60,0
DA:61,0
DA:63,0
DA:64,0
DA:67,0
DA:70,0
DA:75,0
DA:76,0
DA:78,0
DA:79,0
DA:80,0
DA:81,0
DA:84,0
DA:85,0
DA:86,0
DA:87,0
DA:88,0
DA:91,0
DA:93,0
DA:123,0
DA:138,0
DA:154,0
DA:169,0
DA:185,0
LF:51
LH:0
BRDA:52,0,0,0
BRDA:52,0,1,0
BRDA:52,0,2,0
BRDA:52,0,3,0
BRDA:71,1,0,0
BRDA:107,2,0,0
BRDA:107,2,1,0
BRDA:129,3,0,0
BRDA:129,3,1,0
BRDA:144,4,0,0
BRDA:144,4,1,0
BRDA:160,5,0,0
BRDA:160,5,1,0
BRDA:175,6,0,0
BRDA:175,6,1,0
BRF:15
BRH:0
end_of_record
TN:
SF:components\retro\index.ts
FN:1,(anonymous_0)
FN:4,(anonymous_1)
FN:5,(anonymous_2)
FN:6,(anonymous_3)
FN:7,(anonymous_4)
FN:7,(anonymous_5)
FNF:6
FNH:0
FNDA:0,(anonymous_0)
FNDA:0,(anonymous_1)
FNDA:0,(anonymous_2)
FNDA:0,(anonymous_3)
FNDA:0,(anonymous_4)
FNDA:0,(anonymous_5)
DA:1,0
DA:4,0
DA:5,0
DA:6,0
DA:7,0
LF:5
LH:0
BRF:0
BRH:0
end_of_record
TN:
SF:components\support\CyberHome.tsx
FN:27,(anonymous_9)
FN:32,(anonymous_10)
FN:50,(anonymous_11)
FN:53,(anonymous_12)
FN:54,(anonymous_13)
FN:55,(anonymous_14)
FN:82,(anonymous_15)
FN:87,(anonymous_16)
FN:108,(anonymous_17)
FN:121,(anonymous_18)
FN:144,(anonymous_19)
FN:147,(anonymous_20)
FN:148,(anonymous_21)
FN:169,(anonymous_22)
FN:203,(anonymous_23)
FN:243,(anonymous_24)
FN:268,(anonymous_25)
FN:272,(anonymous_26)
FN:282,(anonymous_27)
FN:312,(anonymous_28)
FN:316,(anonymous_29)
FN:344,(anonymous_30)
FN:364,(anonymous_31)
FN:368,(anonymous_32)
FN:382,(anonymous_33)
FN:388,(anonymous_34)
FN:389,(anonymous_35)
FN:394,(anonymous_36)
FN:397,(anonymous_37)
FN:416,(anonymous_38)
FN:446,(anonymous_39)
FN:479,(anonymous_40)
FN:483,(anonymous_41)
FN:499,(anonymous_42)
FN:503,(anonymous_43)
FN:504,(anonymous_44)
FN:505,(anonymous_45)
FN:508,(anonymous_46)
FN:527,(anonymous_47)
FN:531,(anonymous_48)
FN:532,(anonymous_49)
FN:544,(anonymous_50)
FNF:42
FNH:0
FNDA:0,(anonymous_9)
FNDA:0,(anonymous_10)
FNDA:0,(anonymous_11)
FNDA:0,(anonymous_12)
FNDA:0,(anonymous_13)
FNDA:0,(anonymous_14)
FNDA:0,(anonymous_15)
FNDA:0,(anonymous_16)
FNDA:0,(anonymous_17)
FNDA:0,(anonymous_18)
FNDA:0,(anonymous_19)
FNDA:0,(anonymous_20)
FNDA:0,(anonymous_21)
FNDA:0,(anonymous_22)
FNDA:0,(anonymous_23)
FNDA:0,(anonymous_24)
FNDA:0,(anonymous_25)
FNDA:0,(anonymous_26)
FNDA:0,(anonymous_27)
FNDA:0,(anonymous_28)
FNDA:0,(anonymous_29)
FNDA:0,(anonymous_30)
FNDA:0,(anonymous_31)
FNDA:0,(anonymous_32)
FNDA:0,(anonymous_33)
FNDA:0,(anonymous_34)
FNDA:0,(anonymous_35)
FNDA:0,(anonymous_36)
FNDA:0,(anonymous_37)
FNDA:0,(anonymous_38)
FNDA:0,(anonymous_39)
FNDA:0,(anonymous_40)
FNDA:0,(anonymous_41)
FNDA:0,(anonymous_42)
FNDA:0,(anonymous_43)
FNDA:0,(anonymous_44)
FNDA:0,(anonymous_45)
FNDA:0,(anonymous_46)
FNDA:0,(anonymous_47)
FNDA:0,(anonymous_48)
FNDA:0,(anonymous_49)
FNDA:0,(anonymous_50)
DA:1,0
DA:2,0
DA:13,0
DA:14,0
DA:15,0
DA:16,0
DA:19,0
DA:22,0
DA:23,0
DA:27,0
DA:28,0
DA:29,0
DA:30,0
DA:33,0
DA:45,0
DA:50,0
DA:51,0
DA:53,0
DA:54,0
DA:55,0
DA:58,0
DA:82,0
DA:83,0
DA:84,0
DA:87,0
DA:88,0
DA:89,0
DA:90,0
DA:92,0
DA:93,0
DA:94,0
DA:95,0
DA:97,0
DA:100,0
DA:102,0
DA:109,0
DA:110,0
DA:111,0
DA:113,0
DA:121,0
DA:144,0
DA:145,0
DA:147,0
DA:148,0
DA:149,0
DA:150,0
DA:151,0
DA:152,0
DA:154,0
DA:155,0
DA:157,0
DA:158,0
DA:167,0
DA:168,0
DA:169,0
DA:172,0
DA:203,0
DA:204,0
DA:210,0
DA:243,0
DA:244,0
DA:268,0
DA:269,0
DA:270,0
DA:272,0
DA:273,0
DA:274,0
DA:275,0
DA:277,0
DA:278,0
DA:282,0
DA:283,0
DA:284,0
DA:285,0
DA:286,0
DA:287,0
DA:291,0
DA:313,0
DA:316,0
DA:344,0
DA:345,0
DA:359,0
DA:361,0
DA:362,0
DA:364,0
DA:365,0
DA:368,0
DA:369,0
DA:370,0
DA:372,0
DA:379,0
DA:382,0
DA:383,0
DA:384,0
DA:388,0
DA:389,0
DA:390,0
DA:394,0
DA:395,0
DA:397,0
DA:398,0
DA:400,0
DA:402,0
DA:403,0
DA:404,0
DA:405,0
DA:407,0
DA:410,0
DA:416,0
DA:419,0
DA:426,0
DA:446,0
DA:480,0
DA:483,0
DA:500,0
DA:503,0
DA:504,0
DA:506,0
DA:508,0
DA:528,0
DA:531,0
DA:532,0
DA:544,0
DA:556,0
DA:558,0
LF:125
LH:0
BRDA:118,0,0,0
BRDA:118,0,1,0
BRDA:119,1,0,0
BRDA:119,1,1,0
BRDA:119,1,2,0
BRDA:123,2,0,0
BRDA:123,2,1,0
BRDA:126,3,0,0
BRDA:126,3,1,0
BRDA:150,4,0,0
BRDA:157,5,0,0
BRDA:211,6,0,0
BRDA:211,6,1,0
BRDA:214,7,0,0
BRDA:214,7,1,0
BRDA:218,8,0,0
BRDA:218,8,1,0
BRDA:221,9,0,0
BRDA:221,9,1,0
BRDA:224,10,0,0
BRDA:224,10,1,0
BRDA:244,11,0,0
BRDA:244,11,1,0
BRDA:247,12,0,0
BRDA:247,12,1,0
BRDA:273,13,0,0
BRDA:273,13,1,0
BRDA:283,14,0,0
BRDA:297,15,0,0
BRDA:297,15,1,0
BRDA:315,16,0,0
BRDA:315,16,1,0
BRDA:318,17,0,0
BRDA:318,17,1,0
BRDA:319,18,0,0
BRDA:319,18,1,0
BRDA:319,19,0,0
BRDA:319,19,1,0
BRDA:330,20,0,0
BRDA:330,20,1,0
BRDA:369,21,0,0
BRDA:369,21,1,0
BRDA:388,22,0,0
BRDA:388,22,1,0
BRDA:398,23,0,0
BRDA:398,23,1,0
BRDA:398,23,2,0
BRDA:398,23,3,0
BRDA:398,23,4,0
BRDA:402,24,0,0
BRDA:402,25,0,0
BRDA:402,25,1,0
BRDA:403,26,0,0
BRDA:404,27,0,0
BRDA:459,28,0,0
BRDA:459,28,1,0
BRDA:482,29,0,0
BRDA:482,29,1,0
BRDA:485,30,0,0
BRDA:485,30,1,0
BRDA:493,31,0,0
BRDA:493,31,1,0
BRDA:522,32,0,0
BRDA:522,32,1,0
BRF:64
BRH:0
end_of_record
TN:
SF:components\support\index.ts
FN:1,(anonymous_0)
FNF:1
FNH:0
FNDA:0,(anonymous_0)
DA:1,0
LF:1
LH:0
BRF:0
BRH:0
end_of_record
TN:
SF:components\terminal\TerminalScreen.tsx
FN:19,(anonymous_9)
FN:24,(anonymous_10)
FN:43,(anonymous_11)
FN:44,(anonymous_12)
FN:65,(anonymous_13)
FN:83,(anonymous_14)
FN:98,(anonymous_15)
FN:101,(anonymous_16)
FN:102,(anonymous_17)
FN:103,(anonymous_18)
FN:114,(anonymous_19)
FN:122,(anonymous_20)
FN:138,(anonymous_21)
FN:166,(anonymous_22)
FN:167,(anonymous_23)
FN:167,(anonymous_24)
FN:168,(anonymous_25)
FN:172,(anonymous_26)
FN:174,(anonymous_27)
FN:180,(anonymous_28)
FN:260,(anonymous_29)
FN:266,(anonymous_30)
FN:276,(anonymous_31)
FN:292,(anonymous_32)
FN:311,(anonymous_33)
FN:322,(anonymous_34)
FN:333,(anonymous_35)
FN:351,(anonymous_36)
FNF:28
FNH:0
FNDA:0,(anonymous_9)
FNDA:0,(anonymous_10)
FNDA:0,(anonymous_11)
FNDA:0,(anonymous_12)
FNDA:0,(anonymous_13)
FNDA:0,(anonymous_14)
FNDA:0,(anonymous_15)
FNDA:0,(anonymous_16)
FNDA:0,(anonymous_17)
FNDA:0,(anonymous_18)
FNDA:0,(anonymous_19)
FNDA:0,(anonymous_20)
FNDA:0,(anonymous_21)
FNDA:0,(anonymous_22)
FNDA:0,(anonymous_23)
FNDA:0,(anonymous_24)
FNDA:0,(anonymous_25)
FNDA:0,(anonymous_26)
FNDA:0,(anonymous_27)
FNDA:0,(anonymous_28)
FNDA:0,(anonymous_29)
FNDA:0,(anonymous_30)
FNDA:0,(anonymous_31)
FNDA:0,(anonymous_32)
FNDA:0,(anonymous_33)
FNDA:0,(anonymous_34)
FNDA:0,(anonymous_35)
FNDA:0,(anonymous_36)
DA:1,0
DA:2,0
DA:3,0
DA:4,0
DA:5,0
DA:6,0
DA:7,0
DA:8,0
DA:9,0
DA:10,0
DA:11,0
DA:12,0
DA:13,0
DA:14,0
DA:16,0
DA:19,0
DA:20,0
DA:22,0
DA:25,0
DA:43,0
DA:44,0
DA:46,0
DA:65,0
DA:66,0
DA:68,0
DA:83,0
DA:84,0
DA:85,0
DA:87,0
DA:98,0
DA:99,0
DA:101,0
DA:102,0
DA:103,0
DA:104,0
DA:106,0
DA:107,0
DA:108,0
DA:111,0
DA:114,0
DA:115,0
DA:119,0
DA:123,0
DA:138,0
DA:139,0
DA:159,0
DA:160,0
DA:161,0
DA:162,0
DA:163,0
DA:166,0
DA:167,0
DA:168,0
DA:172,0
DA:173,0
DA:174,0
DA:175,0
DA:180,0
DA:181,0
DA:182,0
DA:184,0
DA:186,0
DA:187,0
DA:188,0
DA:190,0
DA:191,0
DA:194,0
DA:195,0
DA:196,0
DA:198,0
DA:199,0
DA:201,0
DA:202,0
DA:203,0
DA:206,0
DA:207,0
DA:208,0
DA:210,0
DA:211,0
DA:212,0
DA:214,0
DA:226,0
DA:228,0
DA:229,0
DA:231,0
DA:238,0
DA:241,0
DA:242,0
DA:243,0
DA:244,0
DA:245,0
DA:246,0
DA:252,0
DA:254,0
DA:255,0
DA:260,0
DA:261,0
DA:262,0
DA:266,0
DA:267,0
DA:268,0
DA:271,0
DA:272,0
DA:276,0
DA:283,0
DA:284,0
DA:292,0
DA:307,0
DA:308,0
DA:311,0
DA:317,0
DA:318,0
DA:322,0
DA:329,0
DA:330,0
DA:333,0
DA:338,0
DA:352,0
DA:403,0
LF:119
LH:0
BRDA:66,0,0,0
BRDA:66,0,1,0
BRDA:74,1,0,0
BRDA:74,1,1,0
BRDA:106,2,0,0
BRDA:173,3,0,0
BRDA:173,4,0,0
BRDA:173,4,1,0
BRDA:184,5,0,0
BRDA:184,5,1,0
BRDA:184,5,2,0
BRDA:184,5,3,0
BRDA:184,5,4,0
BRDA:184,5,5,0
BRDA:184,5,6,0
BRDA:184,5,7,0
BRDA:184,5,8,0
BRDA:184,5,9,0
BRDA:184,5,10,0
BRDA:184,5,11,0
BRDA:184,5,12,0
BRDA:241,6,0,0
BRDA:241,6,1,0
BRDA:254,7,0,0
BRDA:261,8,0,0
BRDA:271,9,0,0
BRDA:283,10,0,0
BRDA:307,11,0,0
BRDA:317,12,0,0
BRDA:329,13,0,0
BRDA:374,14,0,0
BRDA:374,14,1,0
BRDA:380,15,0,0
BRDA:380,15,1,0
BRF:34
BRH:0
end_of_record
TN:
SF:components\terminal\index.ts
FN:1,(anonymous_0)
FN:2,(anonymous_1)
FNF:2
FNH:0
FNDA:0,(anonymous_0)
FNDA:0,(anonymous_1)
DA:1,0
DA:2,0
LF:2
LH:0
BRF:0
BRH:0
end_of_record
TN:
SF:components\theme\index.ts
FN:1,(anonymous_0)
FNF:1
FNH:0
FNDA:0,(anonymous_0)
DA:1,0
LF:1
LH:0
BRF:0
BRH:0
end_of_record
